<?xml version="1.0" encoding="utf-8"?>
<CoverageSession xmlns:xsd="http://www.w3.org/2001/XMLSchema" xmlns:xsi="http://www.w3.org/2001/XMLSchema-instance" Version="4.6.0.0">
  <Summary numSequencePoints="588" visitedSequencePoints="247" numBranchPoints="177" visitedBranchPoints="71" sequenceCoverage="42.01" branchCoverage="40.11" maxCyclomaticComplexity="3" minCyclomaticComplexity="0" maxCrapScore="12" minCrapScore="0" visitedClasses="9" numClasses="11" visitedMethods="46" numMethods="103" />
  <Modules>
    <Module hash="76-9C-41-45-95-AA-1C-F6-FA-42-95-36-7D-72-A7-CA-D8-26-80-B0">
      <Summary numSequencePoints="252" visitedSequencePoints="28" numBranchPoints="83" visitedBranchPoints="13" sequenceCoverage="11.11" branchCoverage="15.66" maxCyclomaticComplexity="2" minCyclomaticComplexity="1" maxCrapScore="6" minCrapScore="1" visitedClasses="2" numClasses="4" visitedMethods="13" numMethods="59" />
      <ModulePath>C:\Users\320052456\Documents\Bootcamp\Phase2\Chethan\StaticCodeAnalysisService\Test.E2E\Test.E2E.StaticCodeAnalysis\bin\Debug\Test.E2E.StaticCodeAnalysis.dll</ModulePath>
      <ModuleTime>2019-10-01T14:37:10.2184225Z</ModuleTime>
      <ModuleName>Test.E2E.StaticCodeAnalysis</ModuleName>
      <Files>
        <File uid="1" fullPath="C:\Users\320052456\Documents\Bootcamp\Phase2\Chethan\StaticCodeAnalysisService\Test.E2E\Test.E2E.StaticCodeAnalysis\StaticCodeAnalysisE2ETest.cs" />
        <File uid="2" fullPath="C:\Users\320052456\Documents\Bootcamp\Phase2\Chethan\StaticCodeAnalysisService\Test.E2E\Test.E2E.StaticCodeAnalysis\Service References\StaticCodeAnalysisService\Reference.cs" />
      </Files>
      <Classes>
        <Class>
          <Summary numSequencePoints="57" visitedSequencePoints="21" numBranchPoints="10" visitedBranchPoints="10" sequenceCoverage="36.84" branchCoverage="100" maxCyclomaticComplexity="1" minCyclomaticComplexity="1" maxCrapScore="2" minCrapScore="1" visitedClasses="1" numClasses="1" visitedMethods="10" numMethods="10" />
          <FullName>Test.E2E.StaticCodeAnalysis.StaticCodeAnalysisE2ETest</FullName>
          <Methods>
            <Method visited="true" cyclomaticComplexity="1" nPathComplexity="0" sequenceCoverage="100" branchCoverage="100" crapScore="1" isConstructor="false" isStatic="false" isGetter="false" isSetter="false">
              <Summary numSequencePoints="3" visitedSequencePoints="3" numBranchPoints="1" visitedBranchPoints="1" sequenceCoverage="100" branchCoverage="100" maxCyclomaticComplexity="1" minCyclomaticComplexity="1" maxCrapScore="1" minCrapScore="1" visitedClasses="0" numClasses="0" visitedMethods="1" numMethods="1" />
              <MetadataToken>100663297</MetadataToken>
              <Name>System.Void Test.E2E.StaticCodeAnalysis.StaticCodeAnalysisE2ETest::TestInitialize()</Name>
              <FileRef uid="1" />
              <SequencePoints>
                <SequencePoint vc="9" uspid="1" ordinal="0" offset="0" sl="13" sc="9" el="13" ec="10" bec="0" bev="0" fileid="1">
                  <TrackedMethodRefs>
                    <TrackedMethodRef uid="7" vc="1" />
                    <TrackedMethodRef uid="3" vc="1" />
                    <TrackedMethodRef uid="2" vc="1" />
                    <TrackedMethodRef uid="5" vc="1" />
                    <TrackedMethodRef uid="6" vc="1" />
                    <TrackedMethodRef uid="8" vc="1" />
                    <TrackedMethodRef uid="9" vc="1" />
                    <TrackedMethodRef uid="4" vc="1" />
                  </TrackedMethodRefs>
                </SequencePoint>
                <SequencePoint vc="9" uspid="2" ordinal="1" offset="1" sl="14" sc="13" el="14" ec="60" bec="0" bev="0" fileid="1">
                  <TrackedMethodRefs>
                    <TrackedMethodRef uid="7" vc="1" />
                    <TrackedMethodRef uid="3" vc="1" />
                    <TrackedMethodRef uid="2" vc="1" />
                    <TrackedMethodRef uid="5" vc="1" />
                    <TrackedMethodRef uid="6" vc="1" />
                    <TrackedMethodRef uid="8" vc="1" />
                    <TrackedMethodRef uid="9" vc="1" />
                    <TrackedMethodRef uid="4" vc="1" />
                  </TrackedMethodRefs>
                </SequencePoint>
                <SequencePoint vc="9" uspid="3" ordinal="2" offset="12" sl="15" sc="9" el="15" ec="10" bec="0" bev="0" fileid="1">
                  <TrackedMethodRefs>
                    <TrackedMethodRef uid="7" vc="1" />
                    <TrackedMethodRef uid="3" vc="1" />
                    <TrackedMethodRef uid="2" vc="1" />
                    <TrackedMethodRef uid="5" vc="1" />
                    <TrackedMethodRef uid="6" vc="1" />
                    <TrackedMethodRef uid="8" vc="1" />
                    <TrackedMethodRef uid="9" vc="1" />
                    <TrackedMethodRef uid="4" vc="1" />
                  </TrackedMethodRefs>
                </SequencePoint>
              </SequencePoints>
              <BranchPoints />
              <MethodPoint xsi:type="SequencePoint" vc="9" uspid="1" ordinal="0" offset="0" sl="13" sc="9" el="13" ec="10" bec="0" bev="0" fileid="1">
                <TrackedMethodRefs>
                  <TrackedMethodRef uid="7" vc="1" />
                  <TrackedMethodRef uid="3" vc="1" />
                  <TrackedMethodRef uid="2" vc="1" />
                  <TrackedMethodRef uid="5" vc="1" />
                  <TrackedMethodRef uid="6" vc="1" />
                  <TrackedMethodRef uid="8" vc="1" />
                  <TrackedMethodRef uid="9" vc="1" />
                  <TrackedMethodRef uid="4" vc="1" />
                </TrackedMethodRefs>
              </MethodPoint>
            </Method>
            <Method visited="true" cyclomaticComplexity="1" nPathComplexity="0" sequenceCoverage="50" branchCoverage="100" crapScore="1.12" isConstructor="false" isStatic="false" isGetter="false" isSetter="false">
              <Summary numSequencePoints="4" visitedSequencePoints="2" numBranchPoints="1" visitedBranchPoints="1" sequenceCoverage="50" branchCoverage="100" maxCyclomaticComplexity="1" minCyclomaticComplexity="1" maxCrapScore="1.12" minCrapScore="1.12" visitedClasses="0" numClasses="0" visitedMethods="1" numMethods="1" />
              <MetadataToken>100663298</MetadataToken>
              <Name>System.Void Test.E2E.StaticCodeAnalysis.StaticCodeAnalysisE2ETest::Given_Valid_Arguments_When_SignUp_Invoked_Then_true_Asserted()</Name>
              <FileRef uid="1" />
              <SequencePoints>
                <SequencePoint vc="1" uspid="4" ordinal="0" offset="0" sl="18" sc="9" el="18" ec="10" bec="0" bev="0" fileid="1">
                  <TrackedMethodRefs>
                    <TrackedMethodRef uid="1" vc="1" />
                  </TrackedMethodRefs>
                </SequencePoint>
                <SequencePoint vc="1" uspid="5" ordinal="1" offset="1" sl="19" sc="13" el="19" ec="63" bec="0" bev="0" fileid="1">
                  <TrackedMethodRefs>
                    <TrackedMethodRef uid="1" vc="1" />
                  </TrackedMethodRefs>
                </SequencePoint>
                <SequencePoint vc="0" uspid="6" ordinal="2" offset="28" sl="20" sc="13" el="20" ec="52" bec="0" bev="0" fileid="1" />
                <SequencePoint vc="0" uspid="7" ordinal="3" offset="50" sl="21" sc="9" el="21" ec="10" bec="0" bev="0" fileid="1" />
              </SequencePoints>
              <BranchPoints />
              <MethodPoint xsi:type="SequencePoint" vc="1" uspid="4" ordinal="0" offset="0" sl="18" sc="9" el="18" ec="10" bec="0" bev="0" fileid="1">
                <TrackedMethodRefs>
                  <TrackedMethodRef uid="1" vc="1" />
                </TrackedMethodRefs>
              </MethodPoint>
            </Method>
            <Method visited="true" cyclomaticComplexity="1" nPathComplexity="0" sequenceCoverage="40" branchCoverage="100" crapScore="1.22" isConstructor="false" isStatic="false" isGetter="false" isSetter="false">
              <Summary numSequencePoints="5" visitedSequencePoints="2" numBranchPoints="1" visitedBranchPoints="1" sequenceCoverage="40" branchCoverage="100" maxCyclomaticComplexity="1" minCyclomaticComplexity="1" maxCrapScore="1.22" minCrapScore="1.22" visitedClasses="0" numClasses="0" visitedMethods="1" numMethods="1" />
              <MetadataToken>100663299</MetadataToken>
              <Name>System.Void Test.E2E.StaticCodeAnalysis.StaticCodeAnalysisE2ETest::Given_Invalid_Arguments_When_SignUp_Invoked_Then_false_Asserted()</Name>
              <FileRef uid="1" />
              <SequencePoints>
                <SequencePoint vc="1" uspid="8" ordinal="0" offset="0" sl="24" sc="9" el="24" ec="10" bec="0" bev="0" fileid="1">
                  <TrackedMethodRefs>
                    <TrackedMethodRef uid="2" vc="1" />
                  </TrackedMethodRefs>
                </SequencePoint>
                <SequencePoint vc="1" uspid="9" ordinal="1" offset="1" sl="25" sc="13" el="25" ec="63" bec="0" bev="0" fileid="1">
                  <TrackedMethodRefs>
                    <TrackedMethodRef uid="2" vc="1" />
                  </TrackedMethodRefs>
                </SequencePoint>
                <SequencePoint vc="0" uspid="10" ordinal="2" offset="28" sl="26" sc="13" el="26" ec="64" bec="0" bev="0" fileid="1" />
                <SequencePoint vc="0" uspid="11" ordinal="3" offset="55" sl="27" sc="13" el="27" ec="52" bec="0" bev="0" fileid="1" />
                <SequencePoint vc="0" uspid="12" ordinal="4" offset="77" sl="28" sc="9" el="28" ec="10" bec="0" bev="0" fileid="1" />
              </SequencePoints>
              <BranchPoints />
              <MethodPoint xsi:type="SequencePoint" vc="1" uspid="8" ordinal="0" offset="0" sl="24" sc="9" el="24" ec="10" bec="0" bev="0" fileid="1">
                <TrackedMethodRefs>
                  <TrackedMethodRef uid="2" vc="1" />
                </TrackedMethodRefs>
              </MethodPoint>
            </Method>
            <Method visited="true" cyclomaticComplexity="1" nPathComplexity="0" sequenceCoverage="28.57" branchCoverage="100" crapScore="1.36" isConstructor="false" isStatic="false" isGetter="false" isSetter="false">
              <Summary numSequencePoints="7" visitedSequencePoints="2" numBranchPoints="1" visitedBranchPoints="1" sequenceCoverage="28.57" branchCoverage="100" maxCyclomaticComplexity="1" minCyclomaticComplexity="1" maxCrapScore="1.36" minCrapScore="1.36" visitedClasses="0" numClasses="0" visitedMethods="1" numMethods="1" />
              <MetadataToken>100663300</MetadataToken>
              <Name>System.Void Test.E2E.StaticCodeAnalysis.StaticCodeAnalysisE2ETest::Given_Invalid_Arguments_When_SignIn_Invoked_Then_false_Asserted()</Name>
              <FileRef uid="1" />
              <SequencePoints>
                <SequencePoint vc="1" uspid="13" ordinal="0" offset="0" sl="32" sc="9" el="32" ec="10" bec="0" bev="0" fileid="1">
                  <TrackedMethodRefs>
                    <TrackedMethodRef uid="3" vc="1" />
                  </TrackedMethodRefs>
                </SequencePoint>
                <SequencePoint vc="1" uspid="14" ordinal="1" offset="1" sl="33" sc="13" el="33" ec="64" bec="0" bev="0" fileid="1">
                  <TrackedMethodRefs>
                    <TrackedMethodRef uid="3" vc="1" />
                  </TrackedMethodRefs>
                </SequencePoint>
                <SequencePoint vc="0" uspid="15" ordinal="2" offset="28" sl="34" sc="13" el="34" ec="63" bec="0" bev="0" fileid="1" />
                <SequencePoint vc="0" uspid="16" ordinal="3" offset="55" sl="35" sc="13" el="35" ec="65" bec="0" bev="0" fileid="1" />
                <SequencePoint vc="0" uspid="17" ordinal="4" offset="82" sl="36" sc="13" el="36" ec="65" bec="0" bev="0" fileid="1" />
                <SequencePoint vc="0" uspid="18" ordinal="5" offset="109" sl="37" sc="13" el="37" ec="52" bec="0" bev="0" fileid="1" />
                <SequencePoint vc="0" uspid="19" ordinal="6" offset="131" sl="38" sc="9" el="38" ec="10" bec="0" bev="0" fileid="1" />
              </SequencePoints>
              <BranchPoints />
              <MethodPoint xsi:type="SequencePoint" vc="1" uspid="13" ordinal="0" offset="0" sl="32" sc="9" el="32" ec="10" bec="0" bev="0" fileid="1">
                <TrackedMethodRefs>
                  <TrackedMethodRef uid="3" vc="1" />
                </TrackedMethodRefs>
              </MethodPoint>
            </Method>
            <Method visited="true" cyclomaticComplexity="1" nPathComplexity="0" sequenceCoverage="40" branchCoverage="100" crapScore="1.22" isConstructor="false" isStatic="false" isGetter="false" isSetter="false">
              <Summary numSequencePoints="5" visitedSequencePoints="2" numBranchPoints="1" visitedBranchPoints="1" sequenceCoverage="40" branchCoverage="100" maxCyclomaticComplexity="1" minCyclomaticComplexity="1" maxCrapScore="1.22" minCrapScore="1.22" visitedClasses="0" numClasses="0" visitedMethods="1" numMethods="1" />
              <MetadataToken>100663301</MetadataToken>
              <Name>System.Void Test.E2E.StaticCodeAnalysis.StaticCodeAnalysisE2ETest::Given_Valid_Arguments_When_SignIn_Invoked_Then_true_Asserted()</Name>
              <FileRef uid="1" />
              <SequencePoints>
                <SequencePoint vc="1" uspid="20" ordinal="0" offset="0" sl="42" sc="9" el="42" ec="10" bec="0" bev="0" fileid="1">
                  <TrackedMethodRefs>
                    <TrackedMethodRef uid="4" vc="1" />
                  </TrackedMethodRefs>
                </SequencePoint>
                <SequencePoint vc="1" uspid="21" ordinal="1" offset="1" sl="43" sc="13" el="43" ec="63" bec="0" bev="0" fileid="1">
                  <TrackedMethodRefs>
                    <TrackedMethodRef uid="4" vc="1" />
                  </TrackedMethodRefs>
                </SequencePoint>
                <SequencePoint vc="0" uspid="22" ordinal="2" offset="28" sl="44" sc="13" el="44" ec="63" bec="0" bev="0" fileid="1" />
                <SequencePoint vc="0" uspid="23" ordinal="3" offset="55" sl="45" sc="13" el="45" ec="52" bec="0" bev="0" fileid="1" />
                <SequencePoint vc="0" uspid="24" ordinal="4" offset="77" sl="46" sc="9" el="46" ec="10" bec="0" bev="0" fileid="1" />
              </SequencePoints>
              <BranchPoints />
              <MethodPoint xsi:type="SequencePoint" vc="1" uspid="20" ordinal="0" offset="0" sl="42" sc="9" el="42" ec="10" bec="0" bev="0" fileid="1">
                <TrackedMethodRefs>
                  <TrackedMethodRef uid="4" vc="1" />
                </TrackedMethodRefs>
              </MethodPoint>
            </Method>
            <Method visited="true" cyclomaticComplexity="1" nPathComplexity="0" sequenceCoverage="28.57" branchCoverage="100" crapScore="1.36" isConstructor="false" isStatic="false" isGetter="false" isSetter="false">
              <Summary numSequencePoints="7" visitedSequencePoints="2" numBranchPoints="1" visitedBranchPoints="1" sequenceCoverage="28.57" branchCoverage="100" maxCyclomaticComplexity="1" minCyclomaticComplexity="1" maxCrapScore="1.36" minCrapScore="1.36" visitedClasses="0" numClasses="0" visitedMethods="1" numMethods="1" />
              <MetadataToken>100663302</MetadataToken>
              <Name>System.Void Test.E2E.StaticCodeAnalysis.StaticCodeAnalysisE2ETest::Given_Not_Signed_In_When_Download_Invoked_Then_false_Asserted()</Name>
              <FileRef uid="1" />
              <SequencePoints>
                <SequencePoint vc="1" uspid="25" ordinal="0" offset="0" sl="50" sc="9" el="50" ec="10" bec="0" bev="0" fileid="1">
                  <TrackedMethodRefs>
                    <TrackedMethodRef uid="5" vc="1" />
                  </TrackedMethodRefs>
                </SequencePoint>
                <SequencePoint vc="1" uspid="26" ordinal="1" offset="1" sl="51" sc="13" el="51" ec="48" bec="0" bev="0" fileid="1">
                  <TrackedMethodRefs>
                    <TrackedMethodRef uid="5" vc="1" />
                  </TrackedMethodRefs>
                </SequencePoint>
                <SequencePoint vc="0" uspid="27" ordinal="2" offset="23" sl="52" sc="13" el="52" ec="48" bec="0" bev="0" fileid="1" />
                <SequencePoint vc="0" uspid="28" ordinal="3" offset="45" sl="53" sc="13" el="53" ec="93" bec="0" bev="0" fileid="1" />
                <SequencePoint vc="0" uspid="29" ordinal="4" offset="51" sl="54" sc="13" el="54" ec="116" bec="0" bev="0" fileid="1" />
                <SequencePoint vc="0" uspid="30" ordinal="5" offset="73" sl="55" sc="13" el="55" ec="52" bec="0" bev="0" fileid="1" />
                <SequencePoint vc="0" uspid="31" ordinal="6" offset="95" sl="56" sc="9" el="56" ec="10" bec="0" bev="0" fileid="1" />
              </SequencePoints>
              <BranchPoints />
              <MethodPoint xsi:type="SequencePoint" vc="1" uspid="25" ordinal="0" offset="0" sl="50" sc="9" el="50" ec="10" bec="0" bev="0" fileid="1">
                <TrackedMethodRefs>
                  <TrackedMethodRef uid="5" vc="1" />
                </TrackedMethodRefs>
              </MethodPoint>
            </Method>
            <Method visited="true" cyclomaticComplexity="1" nPathComplexity="0" sequenceCoverage="33.33" branchCoverage="100" crapScore="1.30" isConstructor="false" isStatic="false" isGetter="false" isSetter="false">
              <Summary numSequencePoints="6" visitedSequencePoints="2" numBranchPoints="1" visitedBranchPoints="1" sequenceCoverage="33.33" branchCoverage="100" maxCyclomaticComplexity="1" minCyclomaticComplexity="1" maxCrapScore="1.30" minCrapScore="1.30" visitedClasses="0" numClasses="0" visitedMethods="1" numMethods="1" />
              <MetadataToken>100663303</MetadataToken>
              <Name>System.Void Test.E2E.StaticCodeAnalysis.StaticCodeAnalysisE2ETest::Given_Valid_Arguments_When_Download_Invoked_Then_true_Asserted()</Name>
              <FileRef uid="1" />
              <SequencePoints>
                <SequencePoint vc="1" uspid="32" ordinal="0" offset="0" sl="60" sc="9" el="60" ec="10" bec="0" bev="0" fileid="1">
                  <TrackedMethodRefs>
                    <TrackedMethodRef uid="6" vc="1" />
                  </TrackedMethodRefs>
                </SequencePoint>
                <SequencePoint vc="1" uspid="33" ordinal="1" offset="1" sl="61" sc="13" el="61" ec="48" bec="0" bev="0" fileid="1">
                  <TrackedMethodRefs>
                    <TrackedMethodRef uid="6" vc="1" />
                  </TrackedMethodRefs>
                </SequencePoint>
                <SequencePoint vc="0" uspid="34" ordinal="2" offset="23" sl="62" sc="13" el="62" ec="48" bec="0" bev="0" fileid="1" />
                <SequencePoint vc="0" uspid="35" ordinal="3" offset="45" sl="63" sc="13" el="63" ec="113" bec="0" bev="0" fileid="1" />
                <SequencePoint vc="0" uspid="36" ordinal="4" offset="72" sl="64" sc="13" el="64" ec="52" bec="0" bev="0" fileid="1" />
                <SequencePoint vc="0" uspid="37" ordinal="5" offset="94" sl="65" sc="9" el="65" ec="10" bec="0" bev="0" fileid="1" />
              </SequencePoints>
              <BranchPoints />
              <MethodPoint xsi:type="SequencePoint" vc="1" uspid="32" ordinal="0" offset="0" sl="60" sc="9" el="60" ec="10" bec="0" bev="0" fileid="1">
                <TrackedMethodRefs>
                  <TrackedMethodRef uid="6" vc="1" />
                </TrackedMethodRefs>
              </MethodPoint>
            </Method>
            <Method visited="true" cyclomaticComplexity="1" nPathComplexity="0" sequenceCoverage="33.33" branchCoverage="100" crapScore="1.30" isConstructor="false" isStatic="false" isGetter="false" isSetter="false">
              <Summary numSequencePoints="6" visitedSequencePoints="2" numBranchPoints="1" visitedBranchPoints="1" sequenceCoverage="33.33" branchCoverage="100" maxCyclomaticComplexity="1" minCyclomaticComplexity="1" maxCrapScore="1.30" minCrapScore="1.30" visitedClasses="0" numClasses="0" visitedMethods="1" numMethods="1" />
              <MetadataToken>100663304</MetadataToken>
              <Name>System.Void Test.E2E.StaticCodeAnalysis.StaticCodeAnalysisE2ETest::Given_Invalid_Arguments_When_Download_Invoked_Then_false_Asserted()</Name>
              <FileRef uid="1" />
              <SequencePoints>
                <SequencePoint vc="1" uspid="38" ordinal="0" offset="0" sl="69" sc="9" el="69" ec="10" bec="0" bev="0" fileid="1">
                  <TrackedMethodRefs>
                    <TrackedMethodRef uid="7" vc="1" />
                  </TrackedMethodRefs>
                </SequencePoint>
                <SequencePoint vc="1" uspid="39" ordinal="1" offset="1" sl="70" sc="13" el="70" ec="48" bec="0" bev="0" fileid="1">
                  <TrackedMethodRefs>
                    <TrackedMethodRef uid="7" vc="1" />
                  </TrackedMethodRefs>
                </SequencePoint>
                <SequencePoint vc="0" uspid="40" ordinal="2" offset="23" sl="71" sc="13" el="71" ec="48" bec="0" bev="0" fileid="1" />
                <SequencePoint vc="0" uspid="41" ordinal="3" offset="45" sl="72" sc="13" el="72" ec="115" bec="0" bev="0" fileid="1" />
                <SequencePoint vc="0" uspid="42" ordinal="4" offset="72" sl="73" sc="13" el="73" ec="52" bec="0" bev="0" fileid="1" />
                <SequencePoint vc="0" uspid="43" ordinal="5" offset="94" sl="74" sc="9" el="74" ec="10" bec="0" bev="0" fileid="1" />
              </SequencePoints>
              <BranchPoints />
              <MethodPoint xsi:type="SequencePoint" vc="1" uspid="38" ordinal="0" offset="0" sl="69" sc="9" el="69" ec="10" bec="0" bev="0" fileid="1">
                <TrackedMethodRefs>
                  <TrackedMethodRef uid="7" vc="1" />
                </TrackedMethodRefs>
              </MethodPoint>
            </Method>
            <Method visited="true" cyclomaticComplexity="1" nPathComplexity="0" sequenceCoverage="28.57" branchCoverage="100" crapScore="1.36" isConstructor="false" isStatic="false" isGetter="false" isSetter="false">
              <Summary numSequencePoints="7" visitedSequencePoints="2" numBranchPoints="1" visitedBranchPoints="1" sequenceCoverage="28.57" branchCoverage="100" maxCyclomaticComplexity="1" minCyclomaticComplexity="1" maxCrapScore="1.36" minCrapScore="1.36" visitedClasses="0" numClasses="0" visitedMethods="1" numMethods="1" />
              <MetadataToken>100663305</MetadataToken>
              <Name>System.Void Test.E2E.StaticCodeAnalysis.StaticCodeAnalysisE2ETest::Given_Valid_Arguments_When_InvokeTool_For_PVS_Invoked_Then_true_Asserted()</Name>
              <FileRef uid="1" />
              <SequencePoints>
                <SequencePoint vc="1" uspid="44" ordinal="0" offset="0" sl="79" sc="9" el="79" ec="10" bec="0" bev="0" fileid="1">
                  <TrackedMethodRefs>
                    <TrackedMethodRef uid="8" vc="1" />
                  </TrackedMethodRefs>
                </SequencePoint>
                <SequencePoint vc="1" uspid="45" ordinal="1" offset="1" sl="80" sc="13" el="80" ec="48" bec="0" bev="0" fileid="1">
                  <TrackedMethodRefs>
                    <TrackedMethodRef uid="8" vc="1" />
                  </TrackedMethodRefs>
                </SequencePoint>
                <SequencePoint vc="0" uspid="46" ordinal="2" offset="23" sl="81" sc="13" el="81" ec="48" bec="0" bev="0" fileid="1" />
                <SequencePoint vc="0" uspid="47" ordinal="3" offset="45" sl="82" sc="13" el="82" ec="93" bec="0" bev="0" fileid="1" />
                <SequencePoint vc="0" uspid="48" ordinal="4" offset="68" sl="83" sc="13" el="83" ec="106" bec="0" bev="0" fileid="1" />
                <SequencePoint vc="0" uspid="49" ordinal="5" offset="96" sl="84" sc="13" el="84" ec="52" bec="0" bev="0" fileid="1" />
                <SequencePoint vc="0" uspid="50" ordinal="6" offset="118" sl="85" sc="9" el="85" ec="10" bec="0" bev="0" fileid="1" />
              </SequencePoints>
              <BranchPoints />
              <MethodPoint xsi:type="SequencePoint" vc="1" uspid="44" ordinal="0" offset="0" sl="79" sc="9" el="79" ec="10" bec="0" bev="0" fileid="1">
                <TrackedMethodRefs>
                  <TrackedMethodRef uid="8" vc="1" />
                </TrackedMethodRefs>
              </MethodPoint>
            </Method>
            <Method visited="true" cyclomaticComplexity="1" nPathComplexity="0" sequenceCoverage="28.57" branchCoverage="100" crapScore="1.36" isConstructor="false" isStatic="false" isGetter="false" isSetter="false">
              <Summary numSequencePoints="7" visitedSequencePoints="2" numBranchPoints="1" visitedBranchPoints="1" sequenceCoverage="28.57" branchCoverage="100" maxCyclomaticComplexity="1" minCyclomaticComplexity="1" maxCrapScore="1.36" minCrapScore="1.36" visitedClasses="0" numClasses="0" visitedMethods="1" numMethods="1" />
              <MetadataToken>100663306</MetadataToken>
              <Name>System.Void Test.E2E.StaticCodeAnalysis.StaticCodeAnalysisE2ETest::Given_Valid_Arguments_When_InvokeTool_Resharper_Invoked_Then_true_Asserted()</Name>
              <FileRef uid="1" />
              <SequencePoints>
                <SequencePoint vc="1" uspid="51" ordinal="0" offset="0" sl="89" sc="9" el="89" ec="10" bec="0" bev="0" fileid="1">
                  <TrackedMethodRefs>
                    <TrackedMethodRef uid="9" vc="1" />
                  </TrackedMethodRefs>
                </SequencePoint>
                <SequencePoint vc="1" uspid="52" ordinal="1" offset="1" sl="90" sc="13" el="90" ec="48" bec="0" bev="0" fileid="1">
                  <TrackedMethodRefs>
                    <TrackedMethodRef uid="9" vc="1" />
                  </TrackedMethodRefs>
                </SequencePoint>
                <SequencePoint vc="0" uspid="53" ordinal="2" offset="23" sl="91" sc="13" el="91" ec="48" bec="0" bev="0" fileid="1" />
                <SequencePoint vc="0" uspid="54" ordinal="3" offset="45" sl="92" sc="13" el="92" ec="99" bec="0" bev="0" fileid="1" />
                <SequencePoint vc="0" uspid="55" ordinal="4" offset="68" sl="93" sc="13" el="93" ec="113" bec="0" bev="0" fileid="1" />
                <SequencePoint vc="0" uspid="56" ordinal="5" offset="96" sl="94" sc="13" el="94" ec="52" bec="0" bev="0" fileid="1" />
                <SequencePoint vc="0" uspid="57" ordinal="6" offset="118" sl="95" sc="9" el="95" ec="10" bec="0" bev="0" fileid="1" />
              </SequencePoints>
              <BranchPoints />
              <MethodPoint xsi:type="SequencePoint" vc="1" uspid="51" ordinal="0" offset="0" sl="89" sc="9" el="89" ec="10" bec="0" bev="0" fileid="1">
                <TrackedMethodRefs>
                  <TrackedMethodRef uid="9" vc="1" />
                </TrackedMethodRefs>
              </MethodPoint>
            </Method>
            <Method visited="false" cyclomaticComplexity="1" nPathComplexity="0" sequenceCoverage="0" branchCoverage="0" crapScore="2" isConstructor="true" isStatic="false" isGetter="false" isSetter="false">
              <Summary numSequencePoints="0" visitedSequencePoints="0" numBranchPoints="0" visitedBranchPoints="0" sequenceCoverage="0" branchCoverage="0" maxCyclomaticComplexity="1" minCyclomaticComplexity="1" maxCrapScore="2" minCrapScore="2" visitedClasses="0" numClasses="0" visitedMethods="0" numMethods="0" />
              <MetadataToken>100663307</MetadataToken>
              <Name>System.Void Test.E2E.StaticCodeAnalysis.StaticCodeAnalysisE2ETest::.ctor()</Name>
              <SequencePoints />
              <BranchPoints />
              <MethodPoint vc="0" uspid="58" ordinal="0" offset="0" />
            </Method>
          </Methods>
        </Class>
        <Class>
          <Summary numSequencePoints="53" visitedSequencePoints="0" numBranchPoints="21" visitedBranchPoints="0" sequenceCoverage="0" branchCoverage="0" maxCyclomaticComplexity="2" minCyclomaticComplexity="1" maxCrapScore="6" minCrapScore="2" visitedClasses="0" numClasses="1" visitedMethods="0" numMethods="11" />
          <FullName>Test.E2E.StaticCodeAnalysis.StaticCodeAnalysisService.AnalysisReport</FullName>
          <Methods>
            <Method visited="false" cyclomaticComplexity="1" nPathComplexity="0" sequenceCoverage="0" branchCoverage="0" crapScore="2" isConstructor="false" isStatic="false" isGetter="true" isSetter="false">
              <Summary numSequencePoints="3" visitedSequencePoints="0" numBranchPoints="1" visitedBranchPoints="0" sequenceCoverage="0" branchCoverage="0" maxCyclomaticComplexity="1" minCyclomaticComplexity="1" maxCrapScore="2" minCrapScore="2" visitedClasses="0" numClasses="0" visitedMethods="0" numMethods="1" />
              <MetadataToken>100663308</MetadataToken>
              <Name>System.Runtime.Serialization.ExtensionDataObject Test.E2E.StaticCodeAnalysis.StaticCodeAnalysisService.AnalysisReport::get_ExtensionData()</Name>
              <FileRef uid="2" />
              <SequencePoints>
                <SequencePoint vc="0" uspid="59" ordinal="0" offset="0" sl="53" sc="17" el="53" ec="18" bec="0" bev="0" fileid="2" />
                <SequencePoint vc="0" uspid="60" ordinal="1" offset="1" sl="54" sc="17" el="54" ec="48" bec="0" bev="0" fileid="2" />
                <SequencePoint vc="0" uspid="61" ordinal="2" offset="10" sl="55" sc="13" el="55" ec="14" bec="0" bev="0" fileid="2" />
              </SequencePoints>
              <BranchPoints />
              <MethodPoint xsi:type="SequencePoint" vc="0" uspid="59" ordinal="0" offset="0" sl="53" sc="17" el="53" ec="18" bec="0" bev="0" fileid="2" />
            </Method>
            <Method visited="false" cyclomaticComplexity="1" nPathComplexity="0" sequenceCoverage="0" branchCoverage="0" crapScore="2" isConstructor="false" isStatic="false" isGetter="false" isSetter="true">
              <Summary numSequencePoints="3" visitedSequencePoints="0" numBranchPoints="1" visitedBranchPoints="0" sequenceCoverage="0" branchCoverage="0" maxCyclomaticComplexity="1" minCyclomaticComplexity="1" maxCrapScore="2" minCrapScore="2" visitedClasses="0" numClasses="0" visitedMethods="0" numMethods="1" />
              <MetadataToken>100663309</MetadataToken>
              <Name>System.Void Test.E2E.StaticCodeAnalysis.StaticCodeAnalysisService.AnalysisReport::set_ExtensionData(System.Runtime.Serialization.ExtensionDataObject)</Name>
              <FileRef uid="2" />
              <SequencePoints>
                <SequencePoint vc="0" uspid="62" ordinal="0" offset="0" sl="56" sc="17" el="56" ec="18" bec="0" bev="0" fileid="2" />
                <SequencePoint vc="0" uspid="63" ordinal="1" offset="1" sl="57" sc="17" el="57" ec="49" bec="0" bev="0" fileid="2" />
                <SequencePoint vc="0" uspid="64" ordinal="2" offset="8" sl="58" sc="13" el="58" ec="14" bec="0" bev="0" fileid="2" />
              </SequencePoints>
              <BranchPoints />
              <MethodPoint xsi:type="SequencePoint" vc="0" uspid="62" ordinal="0" offset="0" sl="56" sc="17" el="56" ec="18" bec="0" bev="0" fileid="2" />
            </Method>
            <Method visited="false" cyclomaticComplexity="1" nPathComplexity="0" sequenceCoverage="0" branchCoverage="0" crapScore="2" isConstructor="false" isStatic="false" isGetter="true" isSetter="false">
              <Summary numSequencePoints="3" visitedSequencePoints="0" numBranchPoints="1" visitedBranchPoints="0" sequenceCoverage="0" branchCoverage="0" maxCyclomaticComplexity="1" minCyclomaticComplexity="1" maxCrapScore="2" minCrapScore="2" visitedClasses="0" numClasses="0" visitedMethods="0" numMethods="1" />
              <MetadataToken>100663310</MetadataToken>
              <Name>System.String Test.E2E.StaticCodeAnalysis.StaticCodeAnalysisService.AnalysisReport::get_FileName()</Name>
              <FileRef uid="2" />
              <SequencePoints>
                <SequencePoint vc="0" uspid="65" ordinal="0" offset="0" sl="63" sc="17" el="63" ec="18" bec="0" bev="0" fileid="2" />
                <SequencePoint vc="0" uspid="66" ordinal="1" offset="1" sl="64" sc="17" el="64" ec="43" bec="0" bev="0" fileid="2" />
                <SequencePoint vc="0" uspid="67" ordinal="2" offset="10" sl="65" sc="13" el="65" ec="14" bec="0" bev="0" fileid="2" />
              </SequencePoints>
              <BranchPoints />
              <MethodPoint xsi:type="SequencePoint" vc="0" uspid="65" ordinal="0" offset="0" sl="63" sc="17" el="63" ec="18" bec="0" bev="0" fileid="2" />
            </Method>
            <Method visited="false" cyclomaticComplexity="2" nPathComplexity="2" sequenceCoverage="0" branchCoverage="0" crapScore="6" isConstructor="false" isStatic="false" isGetter="false" isSetter="true">
              <Summary numSequencePoints="7" visitedSequencePoints="0" numBranchPoints="3" visitedBranchPoints="0" sequenceCoverage="0" branchCoverage="0" maxCyclomaticComplexity="2" minCyclomaticComplexity="2" maxCrapScore="6" minCrapScore="6" visitedClasses="0" numClasses="0" visitedMethods="0" numMethods="1" />
              <MetadataToken>100663311</MetadataToken>
              <Name>System.Void Test.E2E.StaticCodeAnalysis.StaticCodeAnalysisService.AnalysisReport::set_FileName(System.String)</Name>
              <FileRef uid="2" />
              <SequencePoints>
                <SequencePoint vc="0" uspid="68" ordinal="0" offset="0" sl="66" sc="17" el="66" ec="18" bec="0" bev="0" fileid="2" />
                <SequencePoint vc="0" uspid="69" ordinal="1" offset="1" sl="67" sc="17" el="67" ec="81" bec="2" bev="0" fileid="2" />
                <SequencePoint vc="0" uspid="70" ordinal="2" offset="17" sl="67" sc="82" el="67" ec="83" bec="0" bev="0" fileid="2" />
                <SequencePoint vc="0" uspid="71" ordinal="3" offset="18" sl="68" sc="21" el="68" ec="48" bec="0" bev="0" fileid="2" />
                <SequencePoint vc="0" uspid="72" ordinal="4" offset="25" sl="69" sc="21" el="69" ec="59" bec="0" bev="0" fileid="2" />
                <SequencePoint vc="0" uspid="73" ordinal="5" offset="37" sl="70" sc="17" el="70" ec="18" bec="0" bev="0" fileid="2" />
                <SequencePoint vc="0" uspid="74" ordinal="6" offset="38" sl="71" sc="13" el="71" ec="14" bec="0" bev="0" fileid="2" />
              </SequencePoints>
              <BranchPoints>
                <BranchPoint vc="0" uspid="75" ordinal="0" offset="15" sl="67" path="0" offsetend="17" fileid="2" />
                <BranchPoint vc="0" uspid="76" ordinal="1" offset="15" sl="67" path="1" offsetend="38" fileid="2" />
              </BranchPoints>
              <MethodPoint xsi:type="SequencePoint" vc="0" uspid="68" ordinal="0" offset="0" sl="66" sc="17" el="66" ec="18" bec="0" bev="0" fileid="2" />
            </Method>
            <Method visited="false" cyclomaticComplexity="1" nPathComplexity="0" sequenceCoverage="0" branchCoverage="0" crapScore="2" isConstructor="false" isStatic="false" isGetter="true" isSetter="false">
              <Summary numSequencePoints="3" visitedSequencePoints="0" numBranchPoints="1" visitedBranchPoints="0" sequenceCoverage="0" branchCoverage="0" maxCyclomaticComplexity="1" minCyclomaticComplexity="1" maxCrapScore="2" minCrapScore="2" visitedClasses="0" numClasses="0" visitedMethods="0" numMethods="1" />
              <MetadataToken>100663312</MetadataToken>
              <Name>System.Int32 Test.E2E.StaticCodeAnalysis.StaticCodeAnalysisService.AnalysisReport::get_Line()</Name>
              <FileRef uid="2" />
              <SequencePoints>
                <SequencePoint vc="0" uspid="77" ordinal="0" offset="0" sl="76" sc="17" el="76" ec="18" bec="0" bev="0" fileid="2" />
                <SequencePoint vc="0" uspid="78" ordinal="1" offset="1" sl="77" sc="17" el="77" ec="39" bec="0" bev="0" fileid="2" />
                <SequencePoint vc="0" uspid="79" ordinal="2" offset="10" sl="78" sc="13" el="78" ec="14" bec="0" bev="0" fileid="2" />
              </SequencePoints>
              <BranchPoints />
              <MethodPoint xsi:type="SequencePoint" vc="0" uspid="77" ordinal="0" offset="0" sl="76" sc="17" el="76" ec="18" bec="0" bev="0" fileid="2" />
            </Method>
            <Method visited="false" cyclomaticComplexity="2" nPathComplexity="2" sequenceCoverage="0" branchCoverage="0" crapScore="6" isConstructor="false" isStatic="false" isGetter="false" isSetter="true">
              <Summary numSequencePoints="7" visitedSequencePoints="0" numBranchPoints="3" visitedBranchPoints="0" sequenceCoverage="0" branchCoverage="0" maxCyclomaticComplexity="2" minCyclomaticComplexity="2" maxCrapScore="6" minCrapScore="6" visitedClasses="0" numClasses="0" visitedMethods="0" numMethods="1" />
              <MetadataToken>100663313</MetadataToken>
              <Name>System.Void Test.E2E.StaticCodeAnalysis.StaticCodeAnalysisService.AnalysisReport::set_Line(System.Int32)</Name>
              <FileRef uid="2" />
              <SequencePoints>
                <SequencePoint vc="0" uspid="80" ordinal="0" offset="0" sl="79" sc="17" el="79" ec="18" bec="0" bev="0" fileid="2" />
                <SequencePoint vc="0" uspid="81" ordinal="1" offset="1" sl="80" sc="17" el="80" ec="60" bec="2" bev="0" fileid="2" />
                <SequencePoint vc="0" uspid="82" ordinal="2" offset="20" sl="80" sc="61" el="80" ec="62" bec="0" bev="0" fileid="2" />
                <SequencePoint vc="0" uspid="83" ordinal="3" offset="21" sl="81" sc="21" el="81" ec="44" bec="0" bev="0" fileid="2" />
                <SequencePoint vc="0" uspid="84" ordinal="4" offset="28" sl="82" sc="21" el="82" ec="55" bec="0" bev="0" fileid="2" />
                <SequencePoint vc="0" uspid="85" ordinal="5" offset="40" sl="83" sc="17" el="83" ec="18" bec="0" bev="0" fileid="2" />
                <SequencePoint vc="0" uspid="86" ordinal="6" offset="41" sl="84" sc="13" el="84" ec="14" bec="0" bev="0" fileid="2" />
              </SequencePoints>
              <BranchPoints>
                <BranchPoint vc="0" uspid="87" ordinal="0" offset="18" sl="80" path="0" offsetend="20" fileid="2" />
                <BranchPoint vc="0" uspid="88" ordinal="1" offset="18" sl="80" path="1" offsetend="41" fileid="2" />
              </BranchPoints>
              <MethodPoint xsi:type="SequencePoint" vc="0" uspid="80" ordinal="0" offset="0" sl="79" sc="17" el="79" ec="18" bec="0" bev="0" fileid="2" />
            </Method>
            <Method visited="false" cyclomaticComplexity="1" nPathComplexity="0" sequenceCoverage="0" branchCoverage="0" crapScore="2" isConstructor="false" isStatic="false" isGetter="true" isSetter="false">
              <Summary numSequencePoints="3" visitedSequencePoints="0" numBranchPoints="1" visitedBranchPoints="0" sequenceCoverage="0" branchCoverage="0" maxCyclomaticComplexity="1" minCyclomaticComplexity="1" maxCrapScore="2" minCrapScore="2" visitedClasses="0" numClasses="0" visitedMethods="0" numMethods="1" />
              <MetadataToken>100663314</MetadataToken>
              <Name>System.String Test.E2E.StaticCodeAnalysis.StaticCodeAnalysisService.AnalysisReport::get_Message()</Name>
              <FileRef uid="2" />
              <SequencePoints>
                <SequencePoint vc="0" uspid="89" ordinal="0" offset="0" sl="89" sc="17" el="89" ec="18" bec="0" bev="0" fileid="2" />
                <SequencePoint vc="0" uspid="90" ordinal="1" offset="1" sl="90" sc="17" el="90" ec="42" bec="0" bev="0" fileid="2" />
                <SequencePoint vc="0" uspid="91" ordinal="2" offset="10" sl="91" sc="13" el="91" ec="14" bec="0" bev="0" fileid="2" />
              </SequencePoints>
              <BranchPoints />
              <MethodPoint xsi:type="SequencePoint" vc="0" uspid="89" ordinal="0" offset="0" sl="89" sc="17" el="89" ec="18" bec="0" bev="0" fileid="2" />
            </Method>
            <Method visited="false" cyclomaticComplexity="2" nPathComplexity="2" sequenceCoverage="0" branchCoverage="0" crapScore="6" isConstructor="false" isStatic="false" isGetter="false" isSetter="true">
              <Summary numSequencePoints="7" visitedSequencePoints="0" numBranchPoints="3" visitedBranchPoints="0" sequenceCoverage="0" branchCoverage="0" maxCyclomaticComplexity="2" minCyclomaticComplexity="2" maxCrapScore="6" minCrapScore="6" visitedClasses="0" numClasses="0" visitedMethods="0" numMethods="1" />
              <MetadataToken>100663315</MetadataToken>
              <Name>System.Void Test.E2E.StaticCodeAnalysis.StaticCodeAnalysisService.AnalysisReport::set_Message(System.String)</Name>
              <FileRef uid="2" />
              <SequencePoints>
                <SequencePoint vc="0" uspid="92" ordinal="0" offset="0" sl="92" sc="17" el="92" ec="18" bec="0" bev="0" fileid="2" />
                <SequencePoint vc="0" uspid="93" ordinal="1" offset="1" sl="93" sc="17" el="93" ec="80" bec="2" bev="0" fileid="2" />
                <SequencePoint vc="0" uspid="94" ordinal="2" offset="17" sl="93" sc="81" el="93" ec="82" bec="0" bev="0" fileid="2" />
                <SequencePoint vc="0" uspid="95" ordinal="3" offset="18" sl="94" sc="21" el="94" ec="47" bec="0" bev="0" fileid="2" />
                <SequencePoint vc="0" uspid="96" ordinal="4" offset="25" sl="95" sc="21" el="95" ec="58" bec="0" bev="0" fileid="2" />
                <SequencePoint vc="0" uspid="97" ordinal="5" offset="37" sl="96" sc="17" el="96" ec="18" bec="0" bev="0" fileid="2" />
                <SequencePoint vc="0" uspid="98" ordinal="6" offset="38" sl="97" sc="13" el="97" ec="14" bec="0" bev="0" fileid="2" />
              </SequencePoints>
              <BranchPoints>
                <BranchPoint vc="0" uspid="99" ordinal="0" offset="15" sl="93" path="0" offsetend="17" fileid="2" />
                <BranchPoint vc="0" uspid="100" ordinal="1" offset="15" sl="93" path="1" offsetend="38" fileid="2" />
              </BranchPoints>
              <MethodPoint xsi:type="SequencePoint" vc="0" uspid="92" ordinal="0" offset="0" sl="92" sc="17" el="92" ec="18" bec="0" bev="0" fileid="2" />
            </Method>
            <Method visited="false" cyclomaticComplexity="1" nPathComplexity="0" sequenceCoverage="0" branchCoverage="0" crapScore="2" isConstructor="false" isStatic="false" isGetter="true" isSetter="false">
              <Summary numSequencePoints="3" visitedSequencePoints="0" numBranchPoints="1" visitedBranchPoints="0" sequenceCoverage="0" branchCoverage="0" maxCyclomaticComplexity="1" minCyclomaticComplexity="1" maxCrapScore="2" minCrapScore="2" visitedClasses="0" numClasses="0" visitedMethods="0" numMethods="1" />
              <MetadataToken>100663316</MetadataToken>
              <Name>System.String Test.E2E.StaticCodeAnalysis.StaticCodeAnalysisService.AnalysisReport::get_TypeId()</Name>
              <FileRef uid="2" />
              <SequencePoints>
                <SequencePoint vc="0" uspid="101" ordinal="0" offset="0" sl="102" sc="17" el="102" ec="18" bec="0" bev="0" fileid="2" />
                <SequencePoint vc="0" uspid="102" ordinal="1" offset="1" sl="103" sc="17" el="103" ec="41" bec="0" bev="0" fileid="2" />
                <SequencePoint vc="0" uspid="103" ordinal="2" offset="10" sl="104" sc="13" el="104" ec="14" bec="0" bev="0" fileid="2" />
              </SequencePoints>
              <BranchPoints />
              <MethodPoint xsi:type="SequencePoint" vc="0" uspid="101" ordinal="0" offset="0" sl="102" sc="17" el="102" ec="18" bec="0" bev="0" fileid="2" />
            </Method>
            <Method visited="false" cyclomaticComplexity="2" nPathComplexity="2" sequenceCoverage="0" branchCoverage="0" crapScore="6" isConstructor="false" isStatic="false" isGetter="false" isSetter="true">
              <Summary numSequencePoints="7" visitedSequencePoints="0" numBranchPoints="3" visitedBranchPoints="0" sequenceCoverage="0" branchCoverage="0" maxCyclomaticComplexity="2" minCyclomaticComplexity="2" maxCrapScore="6" minCrapScore="6" visitedClasses="0" numClasses="0" visitedMethods="0" numMethods="1" />
              <MetadataToken>100663317</MetadataToken>
              <Name>System.Void Test.E2E.StaticCodeAnalysis.StaticCodeAnalysisService.AnalysisReport::set_TypeId(System.String)</Name>
              <FileRef uid="2" />
              <SequencePoints>
                <SequencePoint vc="0" uspid="104" ordinal="0" offset="0" sl="105" sc="17" el="105" ec="18" bec="0" bev="0" fileid="2" />
                <SequencePoint vc="0" uspid="105" ordinal="1" offset="1" sl="106" sc="17" el="106" ec="79" bec="2" bev="0" fileid="2" />
                <SequencePoint vc="0" uspid="106" ordinal="2" offset="17" sl="106" sc="80" el="106" ec="81" bec="0" bev="0" fileid="2" />
                <SequencePoint vc="0" uspid="107" ordinal="3" offset="18" sl="107" sc="21" el="107" ec="46" bec="0" bev="0" fileid="2" />
                <SequencePoint vc="0" uspid="108" ordinal="4" offset="25" sl="108" sc="21" el="108" ec="57" bec="0" bev="0" fileid="2" />
                <SequencePoint vc="0" uspid="109" ordinal="5" offset="37" sl="109" sc="17" el="109" ec="18" bec="0" bev="0" fileid="2" />
                <SequencePoint vc="0" uspid="110" ordinal="6" offset="38" sl="110" sc="13" el="110" ec="14" bec="0" bev="0" fileid="2" />
              </SequencePoints>
              <BranchPoints>
                <BranchPoint vc="0" uspid="111" ordinal="0" offset="15" sl="106" path="0" offsetend="17" fileid="2" />
                <BranchPoint vc="0" uspid="112" ordinal="1" offset="15" sl="106" path="1" offsetend="38" fileid="2" />
              </BranchPoints>
              <MethodPoint xsi:type="SequencePoint" vc="0" uspid="104" ordinal="0" offset="0" sl="105" sc="17" el="105" ec="18" bec="0" bev="0" fileid="2" />
            </Method>
            <Method visited="false" cyclomaticComplexity="2" nPathComplexity="0" sequenceCoverage="0" branchCoverage="0" crapScore="6" isConstructor="false" isStatic="false" isGetter="false" isSetter="false">
              <Summary numSequencePoints="0" visitedSequencePoints="0" numBranchPoints="0" visitedBranchPoints="0" sequenceCoverage="0" branchCoverage="0" maxCyclomaticComplexity="2" minCyclomaticComplexity="2" maxCrapScore="6" minCrapScore="6" visitedClasses="0" numClasses="0" visitedMethods="0" numMethods="0" />
              <MetadataToken>100663318</MetadataToken>
              <Name>System.Void Test.E2E.StaticCodeAnalysis.StaticCodeAnalysisService.AnalysisReport::add_PropertyChanged(System.ComponentModel.PropertyChangedEventHandler)</Name>
              <SequencePoints />
              <BranchPoints />
              <MethodPoint vc="0" uspid="113" ordinal="0" offset="0" />
            </Method>
            <Method visited="false" cyclomaticComplexity="2" nPathComplexity="0" sequenceCoverage="0" branchCoverage="0" crapScore="6" isConstructor="false" isStatic="false" isGetter="false" isSetter="false">
              <Summary numSequencePoints="0" visitedSequencePoints="0" numBranchPoints="0" visitedBranchPoints="0" sequenceCoverage="0" branchCoverage="0" maxCyclomaticComplexity="2" minCyclomaticComplexity="2" maxCrapScore="6" minCrapScore="6" visitedClasses="0" numClasses="0" visitedMethods="0" numMethods="0" />
              <MetadataToken>100663319</MetadataToken>
              <Name>System.Void Test.E2E.StaticCodeAnalysis.StaticCodeAnalysisService.AnalysisReport::remove_PropertyChanged(System.ComponentModel.PropertyChangedEventHandler)</Name>
              <SequencePoints />
              <BranchPoints />
              <MethodPoint vc="0" uspid="114" ordinal="0" offset="0" />
            </Method>
            <Method visited="false" cyclomaticComplexity="2" nPathComplexity="2" sequenceCoverage="0" branchCoverage="0" crapScore="6" isConstructor="false" isStatic="false" isGetter="false" isSetter="false">
              <Summary numSequencePoints="7" visitedSequencePoints="0" numBranchPoints="3" visitedBranchPoints="0" sequenceCoverage="0" branchCoverage="0" maxCyclomaticComplexity="2" minCyclomaticComplexity="2" maxCrapScore="6" minCrapScore="6" visitedClasses="0" numClasses="0" visitedMethods="0" numMethods="1" />
              <MetadataToken>100663320</MetadataToken>
              <Name>System.Void Test.E2E.StaticCodeAnalysis.StaticCodeAnalysisService.AnalysisReport::RaisePropertyChanged(System.String)</Name>
              <FileRef uid="2" />
              <SequencePoints>
                <SequencePoint vc="0" uspid="115" ordinal="0" offset="0" sl="115" sc="66" el="115" ec="67" bec="0" bev="0" fileid="2" />
                <SequencePoint vc="0" uspid="116" ordinal="1" offset="1" sl="116" sc="13" el="116" ec="102" bec="0" bev="0" fileid="2" />
                <SequencePoint vc="0" uspid="117" ordinal="2" offset="8" sl="117" sc="13" el="117" ec="43" bec="2" bev="0" fileid="2" />
                <SequencePoint vc="0" uspid="118" ordinal="3" offset="16" sl="117" sc="44" el="117" ec="45" bec="0" bev="0" fileid="2" />
                <SequencePoint vc="0" uspid="119" ordinal="4" offset="17" sl="118" sc="17" el="118" ec="105" bec="0" bev="0" fileid="2" />
                <SequencePoint vc="0" uspid="120" ordinal="5" offset="31" sl="119" sc="13" el="119" ec="14" bec="0" bev="0" fileid="2" />
                <SequencePoint vc="0" uspid="121" ordinal="6" offset="32" sl="120" sc="9" el="120" ec="10" bec="0" bev="0" fileid="2" />
              </SequencePoints>
              <BranchPoints>
                <BranchPoint vc="0" uspid="122" ordinal="0" offset="14" sl="117" path="0" offsetend="16" fileid="2" />
                <BranchPoint vc="0" uspid="123" ordinal="1" offset="14" sl="117" path="1" offsetend="32" fileid="2" />
              </BranchPoints>
              <MethodPoint xsi:type="SequencePoint" vc="0" uspid="115" ordinal="0" offset="0" sl="115" sc="66" el="115" ec="67" bec="0" bev="0" fileid="2" />
            </Method>
            <Method visited="false" cyclomaticComplexity="1" nPathComplexity="0" sequenceCoverage="0" branchCoverage="0" crapScore="2" isConstructor="true" isStatic="false" isGetter="false" isSetter="false">
              <Summary numSequencePoints="0" visitedSequencePoints="0" numBranchPoints="0" visitedBranchPoints="0" sequenceCoverage="0" branchCoverage="0" maxCyclomaticComplexity="1" minCyclomaticComplexity="1" maxCrapScore="2" minCrapScore="2" visitedClasses="0" numClasses="0" visitedMethods="0" numMethods="0" />
              <MetadataToken>100663321</MetadataToken>
              <Name>System.Void Test.E2E.StaticCodeAnalysis.StaticCodeAnalysisService.AnalysisReport::.ctor()</Name>
              <SequencePoints />
              <BranchPoints />
              <MethodPoint vc="0" uspid="124" ordinal="0" offset="0" />
            </Method>
          </Methods>
        </Class>
        <Class>
          <Summary numSequencePoints="73" visitedSequencePoints="0" numBranchPoints="29" visitedBranchPoints="0" sequenceCoverage="0" branchCoverage="0" maxCyclomaticComplexity="2" minCyclomaticComplexity="1" maxCrapScore="6" minCrapScore="2" visitedClasses="0" numClasses="1" visitedMethods="0" numMethods="15" />
          <FullName>Test.E2E.StaticCodeAnalysis.StaticCodeAnalysisService.GatingResult</FullName>
          <Methods>
            <Method visited="false" cyclomaticComplexity="1" nPathComplexity="0" sequenceCoverage="0" branchCoverage="0" crapScore="2" isConstructor="false" isStatic="false" isGetter="true" isSetter="false">
              <Summary numSequencePoints="3" visitedSequencePoints="0" numBranchPoints="1" visitedBranchPoints="0" sequenceCoverage="0" branchCoverage="0" maxCyclomaticComplexity="1" minCyclomaticComplexity="1" maxCrapScore="2" minCrapScore="2" visitedClasses="0" numClasses="0" visitedMethods="0" numMethods="1" />
              <MetadataToken>100663322</MetadataToken>
              <Name>System.Runtime.Serialization.ExtensionDataObject Test.E2E.StaticCodeAnalysis.StaticCodeAnalysisService.GatingResult::get_ExtensionData()</Name>
              <FileRef uid="2" />
              <SequencePoints>
                <SequencePoint vc="0" uspid="125" ordinal="0" offset="0" sl="152" sc="17" el="152" ec="18" bec="0" bev="0" fileid="2" />
                <SequencePoint vc="0" uspid="126" ordinal="1" offset="1" sl="153" sc="17" el="153" ec="48" bec="0" bev="0" fileid="2" />
                <SequencePoint vc="0" uspid="127" ordinal="2" offset="10" sl="154" sc="13" el="154" ec="14" bec="0" bev="0" fileid="2" />
              </SequencePoints>
              <BranchPoints />
              <MethodPoint xsi:type="SequencePoint" vc="0" uspid="125" ordinal="0" offset="0" sl="152" sc="17" el="152" ec="18" bec="0" bev="0" fileid="2" />
            </Method>
            <Method visited="false" cyclomaticComplexity="1" nPathComplexity="0" sequenceCoverage="0" branchCoverage="0" crapScore="2" isConstructor="false" isStatic="false" isGetter="false" isSetter="true">
              <Summary numSequencePoints="3" visitedSequencePoints="0" numBranchPoints="1" visitedBranchPoints="0" sequenceCoverage="0" branchCoverage="0" maxCyclomaticComplexity="1" minCyclomaticComplexity="1" maxCrapScore="2" minCrapScore="2" visitedClasses="0" numClasses="0" visitedMethods="0" numMethods="1" />
              <MetadataToken>100663323</MetadataToken>
              <Name>System.Void Test.E2E.StaticCodeAnalysis.StaticCodeAnalysisService.GatingResult::set_ExtensionData(System.Runtime.Serialization.ExtensionDataObject)</Name>
              <FileRef uid="2" />
              <SequencePoints>
                <SequencePoint vc="0" uspid="128" ordinal="0" offset="0" sl="155" sc="17" el="155" ec="18" bec="0" bev="0" fileid="2" />
                <SequencePoint vc="0" uspid="129" ordinal="1" offset="1" sl="156" sc="17" el="156" ec="49" bec="0" bev="0" fileid="2" />
                <SequencePoint vc="0" uspid="130" ordinal="2" offset="8" sl="157" sc="13" el="157" ec="14" bec="0" bev="0" fileid="2" />
              </SequencePoints>
              <BranchPoints />
              <MethodPoint xsi:type="SequencePoint" vc="0" uspid="128" ordinal="0" offset="0" sl="155" sc="17" el="155" ec="18" bec="0" bev="0" fileid="2" />
            </Method>
            <Method visited="false" cyclomaticComplexity="1" nPathComplexity="0" sequenceCoverage="0" branchCoverage="0" crapScore="2" isConstructor="false" isStatic="false" isGetter="true" isSetter="false">
              <Summary numSequencePoints="3" visitedSequencePoints="0" numBranchPoints="1" visitedBranchPoints="0" sequenceCoverage="0" branchCoverage="0" maxCyclomaticComplexity="1" minCyclomaticComplexity="1" maxCrapScore="2" minCrapScore="2" visitedClasses="0" numClasses="0" visitedMethods="0" numMethods="1" />
              <MetadataToken>100663324</MetadataToken>
              <Name>System.String Test.E2E.StaticCodeAnalysis.StaticCodeAnalysisService.GatingResult::get_Branch()</Name>
              <FileRef uid="2" />
              <SequencePoints>
                <SequencePoint vc="0" uspid="131" ordinal="0" offset="0" sl="162" sc="17" el="162" ec="18" bec="0" bev="0" fileid="2" />
                <SequencePoint vc="0" uspid="132" ordinal="1" offset="1" sl="163" sc="17" el="163" ec="41" bec="0" bev="0" fileid="2" />
                <SequencePoint vc="0" uspid="133" ordinal="2" offset="10" sl="164" sc="13" el="164" ec="14" bec="0" bev="0" fileid="2" />
              </SequencePoints>
              <BranchPoints />
              <MethodPoint xsi:type="SequencePoint" vc="0" uspid="131" ordinal="0" offset="0" sl="162" sc="17" el="162" ec="18" bec="0" bev="0" fileid="2" />
            </Method>
            <Method visited="false" cyclomaticComplexity="2" nPathComplexity="2" sequenceCoverage="0" branchCoverage="0" crapScore="6" isConstructor="false" isStatic="false" isGetter="false" isSetter="true">
              <Summary numSequencePoints="7" visitedSequencePoints="0" numBranchPoints="3" visitedBranchPoints="0" sequenceCoverage="0" branchCoverage="0" maxCyclomaticComplexity="2" minCyclomaticComplexity="2" maxCrapScore="6" minCrapScore="6" visitedClasses="0" numClasses="0" visitedMethods="0" numMethods="1" />
              <MetadataToken>100663325</MetadataToken>
              <Name>System.Void Test.E2E.StaticCodeAnalysis.StaticCodeAnalysisService.GatingResult::set_Branch(System.String)</Name>
              <FileRef uid="2" />
              <SequencePoints>
                <SequencePoint vc="0" uspid="134" ordinal="0" offset="0" sl="165" sc="17" el="165" ec="18" bec="0" bev="0" fileid="2" />
                <SequencePoint vc="0" uspid="135" ordinal="1" offset="1" sl="166" sc="17" el="166" ec="79" bec="2" bev="0" fileid="2" />
                <SequencePoint vc="0" uspid="136" ordinal="2" offset="17" sl="166" sc="80" el="166" ec="81" bec="0" bev="0" fileid="2" />
                <SequencePoint vc="0" uspid="137" ordinal="3" offset="18" sl="167" sc="21" el="167" ec="46" bec="0" bev="0" fileid="2" />
                <SequencePoint vc="0" uspid="138" ordinal="4" offset="25" sl="168" sc="21" el="168" ec="57" bec="0" bev="0" fileid="2" />
                <SequencePoint vc="0" uspid="139" ordinal="5" offset="37" sl="169" sc="17" el="169" ec="18" bec="0" bev="0" fileid="2" />
                <SequencePoint vc="0" uspid="140" ordinal="6" offset="38" sl="170" sc="13" el="170" ec="14" bec="0" bev="0" fileid="2" />
              </SequencePoints>
              <BranchPoints>
                <BranchPoint vc="0" uspid="141" ordinal="0" offset="15" sl="166" path="0" offsetend="17" fileid="2" />
                <BranchPoint vc="0" uspid="142" ordinal="1" offset="15" sl="166" path="1" offsetend="38" fileid="2" />
              </BranchPoints>
              <MethodPoint xsi:type="SequencePoint" vc="0" uspid="134" ordinal="0" offset="0" sl="165" sc="17" el="165" ec="18" bec="0" bev="0" fileid="2" />
            </Method>
            <Method visited="false" cyclomaticComplexity="1" nPathComplexity="0" sequenceCoverage="0" branchCoverage="0" crapScore="2" isConstructor="false" isStatic="false" isGetter="true" isSetter="false">
              <Summary numSequencePoints="3" visitedSequencePoints="0" numBranchPoints="1" visitedBranchPoints="0" sequenceCoverage="0" branchCoverage="0" maxCyclomaticComplexity="1" minCyclomaticComplexity="1" maxCrapScore="2" minCrapScore="2" visitedClasses="0" numClasses="0" visitedMethods="0" numMethods="1" />
              <MetadataToken>100663326</MetadataToken>
              <Name>System.String Test.E2E.StaticCodeAnalysis.StaticCodeAnalysisService.GatingResult::get_DateTime()</Name>
              <FileRef uid="2" />
              <SequencePoints>
                <SequencePoint vc="0" uspid="143" ordinal="0" offset="0" sl="175" sc="17" el="175" ec="18" bec="0" bev="0" fileid="2" />
                <SequencePoint vc="0" uspid="144" ordinal="1" offset="1" sl="176" sc="17" el="176" ec="43" bec="0" bev="0" fileid="2" />
                <SequencePoint vc="0" uspid="145" ordinal="2" offset="10" sl="177" sc="13" el="177" ec="14" bec="0" bev="0" fileid="2" />
              </SequencePoints>
              <BranchPoints />
              <MethodPoint xsi:type="SequencePoint" vc="0" uspid="143" ordinal="0" offset="0" sl="175" sc="17" el="175" ec="18" bec="0" bev="0" fileid="2" />
            </Method>
            <Method visited="false" cyclomaticComplexity="2" nPathComplexity="2" sequenceCoverage="0" branchCoverage="0" crapScore="6" isConstructor="false" isStatic="false" isGetter="false" isSetter="true">
              <Summary numSequencePoints="7" visitedSequencePoints="0" numBranchPoints="3" visitedBranchPoints="0" sequenceCoverage="0" branchCoverage="0" maxCyclomaticComplexity="2" minCyclomaticComplexity="2" maxCrapScore="6" minCrapScore="6" visitedClasses="0" numClasses="0" visitedMethods="0" numMethods="1" />
              <MetadataToken>100663327</MetadataToken>
              <Name>System.Void Test.E2E.StaticCodeAnalysis.StaticCodeAnalysisService.GatingResult::set_DateTime(System.String)</Name>
              <FileRef uid="2" />
              <SequencePoints>
                <SequencePoint vc="0" uspid="146" ordinal="0" offset="0" sl="178" sc="17" el="178" ec="18" bec="0" bev="0" fileid="2" />
                <SequencePoint vc="0" uspid="147" ordinal="1" offset="1" sl="179" sc="17" el="179" ec="81" bec="2" bev="0" fileid="2" />
                <SequencePoint vc="0" uspid="148" ordinal="2" offset="17" sl="179" sc="82" el="179" ec="83" bec="0" bev="0" fileid="2" />
                <SequencePoint vc="0" uspid="149" ordinal="3" offset="18" sl="180" sc="21" el="180" ec="48" bec="0" bev="0" fileid="2" />
                <SequencePoint vc="0" uspid="150" ordinal="4" offset="25" sl="181" sc="21" el="181" ec="59" bec="0" bev="0" fileid="2" />
                <SequencePoint vc="0" uspid="151" ordinal="5" offset="37" sl="182" sc="17" el="182" ec="18" bec="0" bev="0" fileid="2" />
                <SequencePoint vc="0" uspid="152" ordinal="6" offset="38" sl="183" sc="13" el="183" ec="14" bec="0" bev="0" fileid="2" />
              </SequencePoints>
              <BranchPoints>
                <BranchPoint vc="0" uspid="153" ordinal="0" offset="15" sl="179" path="0" offsetend="17" fileid="2" />
                <BranchPoint vc="0" uspid="154" ordinal="1" offset="15" sl="179" path="1" offsetend="38" fileid="2" />
              </BranchPoints>
              <MethodPoint xsi:type="SequencePoint" vc="0" uspid="146" ordinal="0" offset="0" sl="178" sc="17" el="178" ec="18" bec="0" bev="0" fileid="2" />
            </Method>
            <Method visited="false" cyclomaticComplexity="1" nPathComplexity="0" sequenceCoverage="0" branchCoverage="0" crapScore="2" isConstructor="false" isStatic="false" isGetter="true" isSetter="false">
              <Summary numSequencePoints="3" visitedSequencePoints="0" numBranchPoints="1" visitedBranchPoints="0" sequenceCoverage="0" branchCoverage="0" maxCyclomaticComplexity="1" minCyclomaticComplexity="1" maxCrapScore="2" minCrapScore="2" visitedClasses="0" numClasses="0" visitedMethods="0" numMethods="1" />
              <MetadataToken>100663328</MetadataToken>
              <Name>System.Int32 Test.E2E.StaticCodeAnalysis.StaticCodeAnalysisService.GatingResult::get_NoOfError()</Name>
              <FileRef uid="2" />
              <SequencePoints>
                <SequencePoint vc="0" uspid="155" ordinal="0" offset="0" sl="188" sc="17" el="188" ec="18" bec="0" bev="0" fileid="2" />
                <SequencePoint vc="0" uspid="156" ordinal="1" offset="1" sl="189" sc="17" el="189" ec="44" bec="0" bev="0" fileid="2" />
                <SequencePoint vc="0" uspid="157" ordinal="2" offset="10" sl="190" sc="13" el="190" ec="14" bec="0" bev="0" fileid="2" />
              </SequencePoints>
              <BranchPoints />
              <MethodPoint xsi:type="SequencePoint" vc="0" uspid="155" ordinal="0" offset="0" sl="188" sc="17" el="188" ec="18" bec="0" bev="0" fileid="2" />
            </Method>
            <Method visited="false" cyclomaticComplexity="2" nPathComplexity="2" sequenceCoverage="0" branchCoverage="0" crapScore="6" isConstructor="false" isStatic="false" isGetter="false" isSetter="true">
              <Summary numSequencePoints="7" visitedSequencePoints="0" numBranchPoints="3" visitedBranchPoints="0" sequenceCoverage="0" branchCoverage="0" maxCyclomaticComplexity="2" minCyclomaticComplexity="2" maxCrapScore="6" minCrapScore="6" visitedClasses="0" numClasses="0" visitedMethods="0" numMethods="1" />
              <MetadataToken>100663329</MetadataToken>
              <Name>System.Void Test.E2E.StaticCodeAnalysis.StaticCodeAnalysisService.GatingResult::set_NoOfError(System.Int32)</Name>
              <FileRef uid="2" />
              <SequencePoints>
                <SequencePoint vc="0" uspid="158" ordinal="0" offset="0" sl="191" sc="17" el="191" ec="18" bec="0" bev="0" fileid="2" />
                <SequencePoint vc="0" uspid="159" ordinal="1" offset="1" sl="192" sc="17" el="192" ec="65" bec="2" bev="0" fileid="2" />
                <SequencePoint vc="0" uspid="160" ordinal="2" offset="20" sl="192" sc="66" el="192" ec="67" bec="0" bev="0" fileid="2" />
                <SequencePoint vc="0" uspid="161" ordinal="3" offset="21" sl="193" sc="21" el="193" ec="49" bec="0" bev="0" fileid="2" />
                <SequencePoint vc="0" uspid="162" ordinal="4" offset="28" sl="194" sc="21" el="194" ec="60" bec="0" bev="0" fileid="2" />
                <SequencePoint vc="0" uspid="163" ordinal="5" offset="40" sl="195" sc="17" el="195" ec="18" bec="0" bev="0" fileid="2" />
                <SequencePoint vc="0" uspid="164" ordinal="6" offset="41" sl="196" sc="13" el="196" ec="14" bec="0" bev="0" fileid="2" />
              </SequencePoints>
              <BranchPoints>
                <BranchPoint vc="0" uspid="165" ordinal="0" offset="18" sl="192" path="0" offsetend="20" fileid="2" />
                <BranchPoint vc="0" uspid="166" ordinal="1" offset="18" sl="192" path="1" offsetend="41" fileid="2" />
              </BranchPoints>
              <MethodPoint xsi:type="SequencePoint" vc="0" uspid="158" ordinal="0" offset="0" sl="191" sc="17" el="191" ec="18" bec="0" bev="0" fileid="2" />
            </Method>
            <Method visited="false" cyclomaticComplexity="1" nPathComplexity="0" sequenceCoverage="0" branchCoverage="0" crapScore="2" isConstructor="false" isStatic="false" isGetter="true" isSetter="false">
              <Summary numSequencePoints="3" visitedSequencePoints="0" numBranchPoints="1" visitedBranchPoints="0" sequenceCoverage="0" branchCoverage="0" maxCyclomaticComplexity="1" minCyclomaticComplexity="1" maxCrapScore="2" minCrapScore="2" visitedClasses="0" numClasses="0" visitedMethods="0" numMethods="1" />
              <MetadataToken>100663330</MetadataToken>
              <Name>System.String Test.E2E.StaticCodeAnalysis.StaticCodeAnalysisService.GatingResult::get_Reository()</Name>
              <FileRef uid="2" />
              <SequencePoints>
                <SequencePoint vc="0" uspid="167" ordinal="0" offset="0" sl="201" sc="17" el="201" ec="18" bec="0" bev="0" fileid="2" />
                <SequencePoint vc="0" uspid="168" ordinal="1" offset="1" sl="202" sc="17" el="202" ec="44" bec="0" bev="0" fileid="2" />
                <SequencePoint vc="0" uspid="169" ordinal="2" offset="10" sl="203" sc="13" el="203" ec="14" bec="0" bev="0" fileid="2" />
              </SequencePoints>
              <BranchPoints />
              <MethodPoint xsi:type="SequencePoint" vc="0" uspid="167" ordinal="0" offset="0" sl="201" sc="17" el="201" ec="18" bec="0" bev="0" fileid="2" />
            </Method>
            <Method visited="false" cyclomaticComplexity="2" nPathComplexity="2" sequenceCoverage="0" branchCoverage="0" crapScore="6" isConstructor="false" isStatic="false" isGetter="false" isSetter="true">
              <Summary numSequencePoints="7" visitedSequencePoints="0" numBranchPoints="3" visitedBranchPoints="0" sequenceCoverage="0" branchCoverage="0" maxCyclomaticComplexity="2" minCyclomaticComplexity="2" maxCrapScore="6" minCrapScore="6" visitedClasses="0" numClasses="0" visitedMethods="0" numMethods="1" />
              <MetadataToken>100663331</MetadataToken>
              <Name>System.Void Test.E2E.StaticCodeAnalysis.StaticCodeAnalysisService.GatingResult::set_Reository(System.String)</Name>
              <FileRef uid="2" />
              <SequencePoints>
                <SequencePoint vc="0" uspid="170" ordinal="0" offset="0" sl="204" sc="17" el="204" ec="18" bec="0" bev="0" fileid="2" />
                <SequencePoint vc="0" uspid="171" ordinal="1" offset="1" sl="205" sc="17" el="205" ec="82" bec="2" bev="0" fileid="2" />
                <SequencePoint vc="0" uspid="172" ordinal="2" offset="17" sl="205" sc="83" el="205" ec="84" bec="0" bev="0" fileid="2" />
                <SequencePoint vc="0" uspid="173" ordinal="3" offset="18" sl="206" sc="21" el="206" ec="49" bec="0" bev="0" fileid="2" />
                <SequencePoint vc="0" uspid="174" ordinal="4" offset="25" sl="207" sc="21" el="207" ec="60" bec="0" bev="0" fileid="2" />
                <SequencePoint vc="0" uspid="175" ordinal="5" offset="37" sl="208" sc="17" el="208" ec="18" bec="0" bev="0" fileid="2" />
                <SequencePoint vc="0" uspid="176" ordinal="6" offset="38" sl="209" sc="13" el="209" ec="14" bec="0" bev="0" fileid="2" />
              </SequencePoints>
              <BranchPoints>
                <BranchPoint vc="0" uspid="177" ordinal="0" offset="15" sl="205" path="0" offsetend="17" fileid="2" />
                <BranchPoint vc="0" uspid="178" ordinal="1" offset="15" sl="205" path="1" offsetend="38" fileid="2" />
              </BranchPoints>
              <MethodPoint xsi:type="SequencePoint" vc="0" uspid="170" ordinal="0" offset="0" sl="204" sc="17" el="204" ec="18" bec="0" bev="0" fileid="2" />
            </Method>
            <Method visited="false" cyclomaticComplexity="1" nPathComplexity="0" sequenceCoverage="0" branchCoverage="0" crapScore="2" isConstructor="false" isStatic="false" isGetter="true" isSetter="false">
              <Summary numSequencePoints="3" visitedSequencePoints="0" numBranchPoints="1" visitedBranchPoints="0" sequenceCoverage="0" branchCoverage="0" maxCyclomaticComplexity="1" minCyclomaticComplexity="1" maxCrapScore="2" minCrapScore="2" visitedClasses="0" numClasses="0" visitedMethods="0" numMethods="1" />
              <MetadataToken>100663332</MetadataToken>
              <Name>System.Boolean Test.E2E.StaticCodeAnalysis.StaticCodeAnalysisService.GatingResult::get_Result()</Name>
              <FileRef uid="2" />
              <SequencePoints>
                <SequencePoint vc="0" uspid="179" ordinal="0" offset="0" sl="214" sc="17" el="214" ec="18" bec="0" bev="0" fileid="2" />
                <SequencePoint vc="0" uspid="180" ordinal="1" offset="1" sl="215" sc="17" el="215" ec="41" bec="0" bev="0" fileid="2" />
                <SequencePoint vc="0" uspid="181" ordinal="2" offset="10" sl="216" sc="13" el="216" ec="14" bec="0" bev="0" fileid="2" />
              </SequencePoints>
              <BranchPoints />
              <MethodPoint xsi:type="SequencePoint" vc="0" uspid="179" ordinal="0" offset="0" sl="214" sc="17" el="214" ec="18" bec="0" bev="0" fileid="2" />
            </Method>
            <Method visited="false" cyclomaticComplexity="2" nPathComplexity="2" sequenceCoverage="0" branchCoverage="0" crapScore="6" isConstructor="false" isStatic="false" isGetter="false" isSetter="true">
              <Summary numSequencePoints="7" visitedSequencePoints="0" numBranchPoints="3" visitedBranchPoints="0" sequenceCoverage="0" branchCoverage="0" maxCyclomaticComplexity="2" minCyclomaticComplexity="2" maxCrapScore="6" minCrapScore="6" visitedClasses="0" numClasses="0" visitedMethods="0" numMethods="1" />
              <MetadataToken>100663333</MetadataToken>
              <Name>System.Void Test.E2E.StaticCodeAnalysis.StaticCodeAnalysisService.GatingResult::set_Result(System.Boolean)</Name>
              <FileRef uid="2" />
              <SequencePoints>
                <SequencePoint vc="0" uspid="182" ordinal="0" offset="0" sl="217" sc="17" el="217" ec="18" bec="0" bev="0" fileid="2" />
                <SequencePoint vc="0" uspid="183" ordinal="1" offset="1" sl="218" sc="17" el="218" ec="62" bec="2" bev="0" fileid="2" />
                <SequencePoint vc="0" uspid="184" ordinal="2" offset="20" sl="218" sc="63" el="218" ec="64" bec="0" bev="0" fileid="2" />
                <SequencePoint vc="0" uspid="185" ordinal="3" offset="21" sl="219" sc="21" el="219" ec="46" bec="0" bev="0" fileid="2" />
                <SequencePoint vc="0" uspid="186" ordinal="4" offset="28" sl="220" sc="21" el="220" ec="57" bec="0" bev="0" fileid="2" />
                <SequencePoint vc="0" uspid="187" ordinal="5" offset="40" sl="221" sc="17" el="221" ec="18" bec="0" bev="0" fileid="2" />
                <SequencePoint vc="0" uspid="188" ordinal="6" offset="41" sl="222" sc="13" el="222" ec="14" bec="0" bev="0" fileid="2" />
              </SequencePoints>
              <BranchPoints>
                <BranchPoint vc="0" uspid="189" ordinal="0" offset="18" sl="218" path="0" offsetend="20" fileid="2" />
                <BranchPoint vc="0" uspid="190" ordinal="1" offset="18" sl="218" path="1" offsetend="41" fileid="2" />
              </BranchPoints>
              <MethodPoint xsi:type="SequencePoint" vc="0" uspid="182" ordinal="0" offset="0" sl="217" sc="17" el="217" ec="18" bec="0" bev="0" fileid="2" />
            </Method>
            <Method visited="false" cyclomaticComplexity="1" nPathComplexity="0" sequenceCoverage="0" branchCoverage="0" crapScore="2" isConstructor="false" isStatic="false" isGetter="true" isSetter="false">
              <Summary numSequencePoints="3" visitedSequencePoints="0" numBranchPoints="1" visitedBranchPoints="0" sequenceCoverage="0" branchCoverage="0" maxCyclomaticComplexity="1" minCyclomaticComplexity="1" maxCrapScore="2" minCrapScore="2" visitedClasses="0" numClasses="0" visitedMethods="0" numMethods="1" />
              <MetadataToken>100663334</MetadataToken>
              <Name>Test.E2E.StaticCodeAnalysis.StaticCodeAnalysisService.Tools Test.E2E.StaticCodeAnalysis.StaticCodeAnalysisService.GatingResult::get_Tool()</Name>
              <FileRef uid="2" />
              <SequencePoints>
                <SequencePoint vc="0" uspid="191" ordinal="0" offset="0" sl="227" sc="17" el="227" ec="18" bec="0" bev="0" fileid="2" />
                <SequencePoint vc="0" uspid="192" ordinal="1" offset="1" sl="228" sc="17" el="228" ec="39" bec="0" bev="0" fileid="2" />
                <SequencePoint vc="0" uspid="193" ordinal="2" offset="10" sl="229" sc="13" el="229" ec="14" bec="0" bev="0" fileid="2" />
              </SequencePoints>
              <BranchPoints />
              <MethodPoint xsi:type="SequencePoint" vc="0" uspid="191" ordinal="0" offset="0" sl="227" sc="17" el="227" ec="18" bec="0" bev="0" fileid="2" />
            </Method>
            <Method visited="false" cyclomaticComplexity="2" nPathComplexity="2" sequenceCoverage="0" branchCoverage="0" crapScore="6" isConstructor="false" isStatic="false" isGetter="false" isSetter="true">
              <Summary numSequencePoints="7" visitedSequencePoints="0" numBranchPoints="3" visitedBranchPoints="0" sequenceCoverage="0" branchCoverage="0" maxCyclomaticComplexity="2" minCyclomaticComplexity="2" maxCrapScore="6" minCrapScore="6" visitedClasses="0" numClasses="0" visitedMethods="0" numMethods="1" />
              <MetadataToken>100663335</MetadataToken>
              <Name>System.Void Test.E2E.StaticCodeAnalysis.StaticCodeAnalysisService.GatingResult::set_Tool(Test.E2E.StaticCodeAnalysis.StaticCodeAnalysisService.Tools)</Name>
              <FileRef uid="2" />
              <SequencePoints>
                <SequencePoint vc="0" uspid="194" ordinal="0" offset="0" sl="230" sc="17" el="230" ec="18" bec="0" bev="0" fileid="2" />
                <SequencePoint vc="0" uspid="195" ordinal="1" offset="1" sl="231" sc="17" el="231" ec="60" bec="2" bev="0" fileid="2" />
                <SequencePoint vc="0" uspid="196" ordinal="2" offset="31" sl="231" sc="61" el="231" ec="62" bec="0" bev="0" fileid="2" />
                <SequencePoint vc="0" uspid="197" ordinal="3" offset="32" sl="232" sc="21" el="232" ec="44" bec="0" bev="0" fileid="2" />
                <SequencePoint vc="0" uspid="198" ordinal="4" offset="39" sl="233" sc="21" el="233" ec="55" bec="0" bev="0" fileid="2" />
                <SequencePoint vc="0" uspid="199" ordinal="5" offset="51" sl="234" sc="17" el="234" ec="18" bec="0" bev="0" fileid="2" />
                <SequencePoint vc="0" uspid="200" ordinal="6" offset="52" sl="235" sc="13" el="235" ec="14" bec="0" bev="0" fileid="2" />
              </SequencePoints>
              <BranchPoints>
                <BranchPoint vc="0" uspid="201" ordinal="0" offset="29" sl="231" path="0" offsetend="31" fileid="2" />
                <BranchPoint vc="0" uspid="202" ordinal="1" offset="29" sl="231" path="1" offsetend="52" fileid="2" />
              </BranchPoints>
              <MethodPoint xsi:type="SequencePoint" vc="0" uspid="194" ordinal="0" offset="0" sl="230" sc="17" el="230" ec="18" bec="0" bev="0" fileid="2" />
            </Method>
            <Method visited="false" cyclomaticComplexity="2" nPathComplexity="0" sequenceCoverage="0" branchCoverage="0" crapScore="6" isConstructor="false" isStatic="false" isGetter="false" isSetter="false">
              <Summary numSequencePoints="0" visitedSequencePoints="0" numBranchPoints="0" visitedBranchPoints="0" sequenceCoverage="0" branchCoverage="0" maxCyclomaticComplexity="2" minCyclomaticComplexity="2" maxCrapScore="6" minCrapScore="6" visitedClasses="0" numClasses="0" visitedMethods="0" numMethods="0" />
              <MetadataToken>100663336</MetadataToken>
              <Name>System.Void Test.E2E.StaticCodeAnalysis.StaticCodeAnalysisService.GatingResult::add_PropertyChanged(System.ComponentModel.PropertyChangedEventHandler)</Name>
              <SequencePoints />
              <BranchPoints />
              <MethodPoint vc="0" uspid="203" ordinal="0" offset="0" />
            </Method>
            <Method visited="false" cyclomaticComplexity="2" nPathComplexity="0" sequenceCoverage="0" branchCoverage="0" crapScore="6" isConstructor="false" isStatic="false" isGetter="false" isSetter="false">
              <Summary numSequencePoints="0" visitedSequencePoints="0" numBranchPoints="0" visitedBranchPoints="0" sequenceCoverage="0" branchCoverage="0" maxCyclomaticComplexity="2" minCyclomaticComplexity="2" maxCrapScore="6" minCrapScore="6" visitedClasses="0" numClasses="0" visitedMethods="0" numMethods="0" />
              <MetadataToken>100663337</MetadataToken>
              <Name>System.Void Test.E2E.StaticCodeAnalysis.StaticCodeAnalysisService.GatingResult::remove_PropertyChanged(System.ComponentModel.PropertyChangedEventHandler)</Name>
              <SequencePoints />
              <BranchPoints />
              <MethodPoint vc="0" uspid="204" ordinal="0" offset="0" />
            </Method>
            <Method visited="false" cyclomaticComplexity="2" nPathComplexity="2" sequenceCoverage="0" branchCoverage="0" crapScore="6" isConstructor="false" isStatic="false" isGetter="false" isSetter="false">
              <Summary numSequencePoints="7" visitedSequencePoints="0" numBranchPoints="3" visitedBranchPoints="0" sequenceCoverage="0" branchCoverage="0" maxCyclomaticComplexity="2" minCyclomaticComplexity="2" maxCrapScore="6" minCrapScore="6" visitedClasses="0" numClasses="0" visitedMethods="0" numMethods="1" />
              <MetadataToken>100663338</MetadataToken>
              <Name>System.Void Test.E2E.StaticCodeAnalysis.StaticCodeAnalysisService.GatingResult::RaisePropertyChanged(System.String)</Name>
              <FileRef uid="2" />
              <SequencePoints>
                <SequencePoint vc="0" uspid="205" ordinal="0" offset="0" sl="240" sc="66" el="240" ec="67" bec="0" bev="0" fileid="2" />
                <SequencePoint vc="0" uspid="206" ordinal="1" offset="1" sl="241" sc="13" el="241" ec="102" bec="0" bev="0" fileid="2" />
                <SequencePoint vc="0" uspid="207" ordinal="2" offset="8" sl="242" sc="13" el="242" ec="43" bec="2" bev="0" fileid="2" />
                <SequencePoint vc="0" uspid="208" ordinal="3" offset="16" sl="242" sc="44" el="242" ec="45" bec="0" bev="0" fileid="2" />
                <SequencePoint vc="0" uspid="209" ordinal="4" offset="17" sl="243" sc="17" el="243" ec="105" bec="0" bev="0" fileid="2" />
                <SequencePoint vc="0" uspid="210" ordinal="5" offset="31" sl="244" sc="13" el="244" ec="14" bec="0" bev="0" fileid="2" />
                <SequencePoint vc="0" uspid="211" ordinal="6" offset="32" sl="245" sc="9" el="245" ec="10" bec="0" bev="0" fileid="2" />
              </SequencePoints>
              <BranchPoints>
                <BranchPoint vc="0" uspid="212" ordinal="0" offset="14" sl="242" path="0" offsetend="16" fileid="2" />
[...]
              <MetadataToken>100663298</MetadataToken>
              <Name>System.Void Test.Unit.SimianToolExecuter.SimianToolExecuterUnitTest::Given_Valid_Arguments_When_ExecuteTool_Invoked_Then_true_Asserted()</Name>
              <FileRef uid="21" />
              <SequencePoints>
                <SequencePoint vc="1" uspid="635" ordinal="0" offset="0" sl="21" sc="9" el="21" ec="10" bec="0" bev="0" fileid="21">
                  <TrackedMethodRefs>
                    <TrackedMethodRef uid="16" vc="1" />
                  </TrackedMethodRefs>
                </SequencePoint>
                <SequencePoint vc="1" uspid="636" ordinal="1" offset="1" sl="22" sc="13" el="22" ec="68" bec="0" bev="0" fileid="21">
                  <TrackedMethodRefs>
                    <TrackedMethodRef uid="16" vc="1" />
                  </TrackedMethodRefs>
                </SequencePoint>
                <SequencePoint vc="1" uspid="637" ordinal="2" offset="7" sl="23" sc="13" el="23" ec="68" bec="0" bev="0" fileid="21">
                  <TrackedMethodRefs>
                    <TrackedMethodRef uid="16" vc="1" />
                  </TrackedMethodRefs>
                </SequencePoint>
                <SequencePoint vc="1" uspid="638" ordinal="3" offset="30" sl="24" sc="9" el="24" ec="10" bec="0" bev="0" fileid="21">
                  <TrackedMethodRefs>
                    <TrackedMethodRef uid="16" vc="1" />
                  </TrackedMethodRefs>
                </SequencePoint>
              </SequencePoints>
              <BranchPoints />
              <MethodPoint xsi:type="SequencePoint" vc="1" uspid="635" ordinal="0" offset="0" sl="21" sc="9" el="21" ec="10" bec="0" bev="0" fileid="21">
                <TrackedMethodRefs>
                  <TrackedMethodRef uid="16" vc="1" />
                </TrackedMethodRefs>
              </MethodPoint>
            </Method>
            <Method visited="true" cyclomaticComplexity="1" nPathComplexity="0" sequenceCoverage="100" branchCoverage="100" crapScore="1" isConstructor="false" isStatic="false" isGetter="false" isSetter="false">
              <Summary numSequencePoints="6" visitedSequencePoints="6" numBranchPoints="1" visitedBranchPoints="1" sequenceCoverage="100" branchCoverage="100" maxCyclomaticComplexity="1" minCyclomaticComplexity="1" maxCrapScore="1" minCrapScore="1" visitedClasses="0" numClasses="0" visitedMethods="1" numMethods="1" />
              <MetadataToken>100663299</MetadataToken>
              <Name>System.Void Test.Unit.SimianToolExecuter.SimianToolExecuterUnitTest::DeleteTestFolder()</Name>
              <FileRef uid="21" />
              <SequencePoints>
                <SequencePoint vc="2" uspid="639" ordinal="0" offset="0" sl="29" sc="9" el="29" ec="10" bec="0" bev="0" fileid="21" />
                <SequencePoint vc="2" uspid="640" ordinal="1" offset="1" sl="30" sc="13" el="30" ec="42" bec="0" bev="0" fileid="21" />
                <SequencePoint vc="2" uspid="641" ordinal="2" offset="7" sl="31" sc="13" el="31" ec="96" bec="0" bev="0" fileid="21" />
                <SequencePoint vc="2" uspid="642" ordinal="3" offset="24" sl="32" sc="13" el="32" ec="26" bec="0" bev="0" fileid="21" />
                <SequencePoint vc="2" uspid="643" ordinal="4" offset="31" sl="33" sc="13" el="33" ec="32" bec="0" bev="0" fileid="21" />
                <SequencePoint vc="2" uspid="644" ordinal="5" offset="38" sl="34" sc="9" el="34" ec="10" bec="0" bev="0" fileid="21" />
              </SequencePoints>
              <BranchPoints />
              <MethodPoint xsi:type="SequencePoint" vc="2" uspid="639" ordinal="0" offset="0" sl="29" sc="9" el="29" ec="10" bec="0" bev="0" fileid="21" />
            </Method>
            <Method visited="true" cyclomaticComplexity="1" nPathComplexity="0" sequenceCoverage="100" branchCoverage="100" crapScore="1" isConstructor="false" isStatic="false" isGetter="false" isSetter="false">
              <Summary numSequencePoints="4" visitedSequencePoints="4" numBranchPoints="1" visitedBranchPoints="1" sequenceCoverage="100" branchCoverage="100" maxCyclomaticComplexity="1" minCyclomaticComplexity="1" maxCrapScore="1" minCrapScore="1" visitedClasses="0" numClasses="0" visitedMethods="1" numMethods="1" />
              <MetadataToken>100663300</MetadataToken>
              <Name>System.Void Test.Unit.SimianToolExecuter.SimianToolExecuterUnitTest::Given_InValid_Arguments_When_ExecuteTool_Invoked_Then_true_Asserted()</Name>
              <FileRef uid="21" />
              <SequencePoints>
                <SequencePoint vc="1" uspid="645" ordinal="0" offset="0" sl="38" sc="9" el="38" ec="10" bec="0" bev="0" fileid="21">
                  <TrackedMethodRefs>
                    <TrackedMethodRef uid="17" vc="1" />
                  </TrackedMethodRefs>
                </SequencePoint>
                <SequencePoint vc="1" uspid="646" ordinal="1" offset="1" sl="39" sc="13" el="39" ec="42" bec="0" bev="0" fileid="21">
                  <TrackedMethodRefs>
                    <TrackedMethodRef uid="17" vc="1" />
                  </TrackedMethodRefs>
                </SequencePoint>
                <SequencePoint vc="1" uspid="647" ordinal="2" offset="7" sl="40" sc="13" el="40" ec="69" bec="0" bev="0" fileid="21">
                  <TrackedMethodRefs>
                    <TrackedMethodRef uid="17" vc="1" />
                  </TrackedMethodRefs>
                </SequencePoint>
                <SequencePoint vc="1" uspid="648" ordinal="3" offset="30" sl="41" sc="9" el="41" ec="10" bec="0" bev="0" fileid="21">
                  <TrackedMethodRefs>
                    <TrackedMethodRef uid="17" vc="1" />
                  </TrackedMethodRefs>
                </SequencePoint>
              </SequencePoints>
              <BranchPoints />
              <MethodPoint xsi:type="SequencePoint" vc="1" uspid="645" ordinal="0" offset="0" sl="38" sc="9" el="38" ec="10" bec="0" bev="0" fileid="21">
                <TrackedMethodRefs>
                  <TrackedMethodRef uid="17" vc="1" />
                </TrackedMethodRefs>
              </MethodPoint>
            </Method>
            <Method visited="false" cyclomaticComplexity="1" nPathComplexity="0" sequenceCoverage="0" branchCoverage="0" crapScore="2" isConstructor="true" isStatic="false" isGetter="false" isSetter="false">
              <Summary numSequencePoints="0" visitedSequencePoints="0" numBranchPoints="0" visitedBranchPoints="0" sequenceCoverage="0" branchCoverage="0" maxCyclomaticComplexity="1" minCyclomaticComplexity="1" maxCrapScore="2" minCrapScore="2" visitedClasses="0" numClasses="0" visitedMethods="0" numMethods="0" />
              <MetadataToken>100663301</MetadataToken>
              <Name>System.Void Test.Unit.SimianToolExecuter.SimianToolExecuterUnitTest::.ctor()</Name>
              <SequencePoints />
              <BranchPoints />
              <MethodPoint vc="0" uspid="649" ordinal="0" offset="0" />
            </Method>
          </Methods>
        </Class>
      </Classes>
      <TrackedMethods>
        <TrackedMethod uid="16" token="100663298" name="System.Void Test.Unit.SimianToolExecuter.SimianToolExecuterUnitTest::Given_Valid_Arguments_When_ExecuteTool_Invoked_Then_true_Asserted()" strategy="MSTestTest" />
        <TrackedMethod uid="17" token="100663300" name="System.Void Test.Unit.SimianToolExecuter.SimianToolExecuterUnitTest::Given_InValid_Arguments_When_ExecuteTool_Invoked_Then_true_Asserted()" strategy="MSTestTest" />
      </TrackedMethods>
    </Module>
    <Module hash="84-BC-D0-AF-7D-87-60-0E-3D-8E-71-9D-3E-15-35-E5-BC-3F-D2-28">
      <Summary numSequencePoints="19" visitedSequencePoints="16" numBranchPoints="8" visitedBranchPoints="6" sequenceCoverage="84.21" branchCoverage="75" maxCyclomaticComplexity="3" minCyclomaticComplexity="1" maxCrapScore="3.02" minCrapScore="2" visitedClasses="1" numClasses="1" visitedMethods="2" numMethods="2" />
      <ModulePath>C:\Users\320052456\Documents\Bootcamp\Phase2\Chethan\StaticCodeAnalysisService\Test.Unit\Test.Unit.SimianToolExecuter\bin\Debug\Simian.ToolExecuterLib.dll</ModulePath>
      <ModuleTime>2019-10-01T14:36:30.289896Z</ModuleTime>
      <ModuleName>Simian.ToolExecuterLib</ModuleName>
      <Files>
        <File uid="23" fullPath="C:\Users\320052456\Documents\Bootcamp\Phase2\Chethan\StaticCodeAnalysisService\Simian\Simian.ToolExecuterLib\SimianToolExecuter.cs" />
      </Files>
      <Classes>
        <Class>
          <Summary numSequencePoints="19" visitedSequencePoints="16" numBranchPoints="8" visitedBranchPoints="6" sequenceCoverage="84.21" branchCoverage="75" maxCyclomaticComplexity="3" minCyclomaticComplexity="1" maxCrapScore="3.02" minCrapScore="2" visitedClasses="1" numClasses="1" visitedMethods="2" numMethods="2" />
          <FullName>Simian.ToolExecuterLib.SimianToolExecuter</FullName>
          <Methods>
            <Method visited="true" cyclomaticComplexity="3" nPathComplexity="4" sequenceCoverage="87.5" branchCoverage="80" crapScore="3.02" isConstructor="false" isStatic="false" isGetter="false" isSetter="false">
              <Summary numSequencePoints="8" visitedSequencePoints="7" numBranchPoints="5" visitedBranchPoints="4" sequenceCoverage="87.5" branchCoverage="80" maxCyclomaticComplexity="3" minCyclomaticComplexity="3" maxCrapScore="3.02" minCrapScore="3.02" visitedClasses="0" numClasses="0" visitedMethods="1" numMethods="1" />
              <MetadataToken>100663297</MetadataToken>
              <Name>System.Boolean Simian.ToolExecuterLib.SimianToolExecuter::ExecuteTool(System.String,System.String)</Name>
              <FileRef uid="23" />
              <SequencePoints>
                <SequencePoint vc="2" uspid="650" ordinal="0" offset="0" sl="15" sc="9" el="15" ec="10" bec="0" bev="0" fileid="23">
                  <TrackedMethodRefs>
                    <TrackedMethodRef uid="17" vc="1" />
                    <TrackedMethodRef uid="16" vc="1" />
                  </TrackedMethodRefs>
                </SequencePoint>
                <SequencePoint vc="2" uspid="651" ordinal="1" offset="1" sl="16" sc="13" el="16" ec="39" bec="2" bev="1" fileid="23">
                  <TrackedMethodRefs>
                    <TrackedMethodRef uid="17" vc="1" />
                    <TrackedMethodRef uid="16" vc="1" />
                  </TrackedMethodRefs>
                </SequencePoint>
                <SequencePoint vc="0" uspid="652" ordinal="2" offset="16" sl="17" sc="17" el="17" ec="69" bec="0" bev="0" fileid="23" />
                <SequencePoint vc="2" uspid="653" ordinal="3" offset="29" sl="19" sc="13" el="19" ec="41" bec="2" bev="2" fileid="23">
                  <TrackedMethodRefs>
                    <TrackedMethodRef uid="17" vc="1" />
                    <TrackedMethodRef uid="16" vc="1" />
                  </TrackedMethodRefs>
                </SequencePoint>
                <SequencePoint vc="1" uspid="654" ordinal="4" offset="42" sl="20" sc="13" el="20" ec="14" bec="0" bev="0" fileid="23">
                  <TrackedMethodRefs>
                    <TrackedMethodRef uid="17" vc="1" />
                  </TrackedMethodRefs>
                </SequencePoint>
                <SequencePoint vc="1" uspid="655" ordinal="5" offset="43" sl="21" sc="17" el="21" ec="30" bec="0" bev="0" fileid="23">
                  <TrackedMethodRefs>
                    <TrackedMethodRef uid="17" vc="1" />
                  </TrackedMethodRefs>
                </SequencePoint>
                <SequencePoint vc="1" uspid="656" ordinal="6" offset="47" sl="24" sc="13" el="24" ec="54" bec="0" bev="0" fileid="23">
                  <TrackedMethodRefs>
                    <TrackedMethodRef uid="16" vc="1" />
                  </TrackedMethodRefs>
                </SequencePoint>
                <SequencePoint vc="2" uspid="657" ordinal="7" offset="57" sl="25" sc="9" el="25" ec="10" bec="0" bev="0" fileid="23">
                  <TrackedMethodRefs>
                    <TrackedMethodRef uid="17" vc="1" />
                    <TrackedMethodRef uid="16" vc="1" />
                  </TrackedMethodRefs>
                </SequencePoint>
              </SequencePoints>
              <BranchPoints>
                <BranchPoint vc="0" uspid="658" ordinal="0" offset="14" sl="16" path="0" offsetend="16" fileid="23" />
                <BranchPoint vc="2" uspid="659" ordinal="1" offset="14" sl="16" path="1" offsetend="29" fileid="23">
                  <TrackedMethodRefs>
                    <TrackedMethodRef uid="17" vc="1" />
                    <TrackedMethodRef uid="16" vc="1" />
                  </TrackedMethodRefs>
                </BranchPoint>
                <BranchPoint vc="1" uspid="660" ordinal="2" offset="40" sl="19" path="0" offsetend="42" fileid="23">
                  <TrackedMethodRefs>
                    <TrackedMethodRef uid="17" vc="1" />
                  </TrackedMethodRefs>
                </BranchPoint>
                <BranchPoint vc="1" uspid="661" ordinal="3" offset="40" sl="19" path="1" offsetend="47" fileid="23">
                  <TrackedMethodRefs>
                    <TrackedMethodRef uid="16" vc="1" />
                  </TrackedMethodRefs>
                </BranchPoint>
              </BranchPoints>
              <MethodPoint xsi:type="SequencePoint" vc="2" uspid="650" ordinal="0" offset="0" sl="15" sc="9" el="15" ec="10" bec="0" bev="0" fileid="23">
                <TrackedMethodRefs>
                  <TrackedMethodRef uid="17" vc="1" />
                  <TrackedMethodRef uid="16" vc="1" />
                </TrackedMethodRefs>
              </MethodPoint>
            </Method>
            <Method visited="true" cyclomaticComplexity="2" nPathComplexity="2" sequenceCoverage="81.82" branchCoverage="66.67" crapScore="2.02" isConstructor="false" isStatic="true" isGetter="false" isSetter="false">
              <Summary numSequencePoints="11" visitedSequencePoints="9" numBranchPoints="3" visitedBranchPoints="2" sequenceCoverage="81.82" branchCoverage="66.67" maxCyclomaticComplexity="2" minCyclomaticComplexity="2" maxCrapScore="2.02" minCrapScore="2.02" visitedClasses="0" numClasses="0" visitedMethods="1" numMethods="1" />
              <MetadataToken>100663298</MetadataToken>
              <Name>System.Boolean Simian.ToolExecuterLib.SimianToolExecuter::ExecuteSimianTool(System.String,System.String)</Name>
              <FileRef uid="23" />
              <SequencePoints>
                <SequencePoint vc="1" uspid="662" ordinal="0" offset="0" sl="28" sc="9" el="28" ec="10" bec="0" bev="0" fileid="23">
                  <TrackedMethodRefs>
                    <TrackedMethodRef uid="16" vc="1" />
                  </TrackedMethodRefs>
                </SequencePoint>
                <SequencePoint vc="1" uspid="663" ordinal="1" offset="1" sl="29" sc="13" el="29" ec="42" bec="0" bev="0" fileid="23">
                  <TrackedMethodRefs>
                    <TrackedMethodRef uid="16" vc="1" />
                  </TrackedMethodRefs>
                </SequencePoint>
                <SequencePoint vc="1" uspid="664" ordinal="2" offset="7" sl="30" sc="13" el="30" ec="93" bec="0" bev="0" fileid="23">
                  <TrackedMethodRefs>
                    <TrackedMethodRef uid="16" vc="1" />
                  </TrackedMethodRefs>
                </SequencePoint>
                <SequencePoint vc="1" uspid="665" ordinal="3" offset="24" sl="31" sc="13" el="31" ec="168" bec="0" bev="0" fileid="23">
                  <TrackedMethodRefs>
                    <TrackedMethodRef uid="16" vc="1" />
                  </TrackedMethodRefs>
                </SequencePoint>
                <SequencePoint vc="1" uspid="666" ordinal="4" offset="74" sl="32" sc="13" el="32" ec="26" bec="0" bev="0" fileid="23">
                  <TrackedMethodRefs>
                    <TrackedMethodRef uid="16" vc="1" />
                  </TrackedMethodRefs>
                </SequencePoint>
                <SequencePoint vc="1" uspid="667" ordinal="5" offset="81" sl="33" sc="13" el="33" ec="32" bec="0" bev="0" fileid="23">
                  <TrackedMethodRefs>
                    <TrackedMethodRef uid="16" vc="1" />
                  </TrackedMethodRefs>
                </SequencePoint>
                <SequencePoint vc="1" uspid="668" ordinal="6" offset="88" sl="35" sc="13" el="35" ec="99" bec="2" bev="1" fileid="23">
                  <TrackedMethodRefs>
                    <TrackedMethodRef uid="16" vc="1" />
                  </TrackedMethodRefs>
                </SequencePoint>
                <SequencePoint vc="0" uspid="669" ordinal="7" offset="116" sl="36" sc="13" el="36" ec="14" bec="0" bev="0" fileid="23" />
                <SequencePoint vc="0" uspid="670" ordinal="8" offset="117" sl="37" sc="17" el="37" ec="30" bec="0" bev="0" fileid="23" />
                <SequencePoint vc="1" uspid="671" ordinal="9" offset="121" sl="39" sc="13" el="39" ec="25" bec="0" bev="0" fileid="23">
                  <TrackedMethodRefs>
                    <TrackedMethodRef uid="16" vc="1" />
                  </TrackedMethodRefs>
                </SequencePoint>
                <SequencePoint vc="1" uspid="672" ordinal="10" offset="125" sl="40" sc="9" el="40" ec="10" bec="0" bev="0" fileid="23">
                  <TrackedMethodRefs>
                    <TrackedMethodRef uid="16" vc="1" />
                  </TrackedMethodRefs>
                </SequencePoint>
              </SequencePoints>
              <BranchPoints>
                <BranchPoint vc="0" uspid="673" ordinal="0" offset="114" sl="35" path="0" offsetend="116" fileid="23" />
                <BranchPoint vc="1" uspid="674" ordinal="1" offset="114" sl="35" path="1" offsetend="121" fileid="23">
                  <TrackedMethodRefs>
                    <TrackedMethodRef uid="16" vc="1" />
                  </TrackedMethodRefs>
                </BranchPoint>
              </BranchPoints>
              <MethodPoint xsi:type="SequencePoint" vc="1" uspid="662" ordinal="0" offset="0" sl="28" sc="9" el="28" ec="10" bec="0" bev="0" fileid="23">
                <TrackedMethodRefs>
                  <TrackedMethodRef uid="16" vc="1" />
                </TrackedMethodRefs>
              </MethodPoint>
            </Method>
            <Method visited="false" cyclomaticComplexity="1" nPathComplexity="0" sequenceCoverage="0" branchCoverage="0" crapScore="2" isConstructor="true" isStatic="false" isGetter="false" isSetter="false">
              <Summary numSequencePoints="0" visitedSequencePoints="0" numBranchPoints="0" visitedBranchPoints="0" sequenceCoverage="0" branchCoverage="0" maxCyclomaticComplexity="1" minCyclomaticComplexity="1" maxCrapScore="2" minCrapScore="2" visitedClasses="0" numClasses="0" visitedMethods="0" numMethods="0" />
              <MetadataToken>100663299</MetadataToken>
              <Name>System.Void Simian.ToolExecuterLib.SimianToolExecuter::.ctor()</Name>
              <SequencePoints />
              <BranchPoints />
              <MethodPoint vc="0" uspid="675" ordinal="0" offset="0" />
            </Method>
          </Methods>
        </Class>
      </Classes>
      <TrackedMethods />
    </Module>
    <Module hash="B8-AC-F6-B5-41-4B-BB-49-4B-EC-E2-08-1D-81-49-FC-7A-C3-81-A8">
      <Summary numSequencePoints="0" visitedSequencePoints="0" numBranchPoints="0" visitedBranchPoints="0" sequenceCoverage="0" branchCoverage="0" maxCyclomaticComplexity="0" minCyclomaticComplexity="0" maxCrapScore="0" minCrapScore="0" visitedClasses="0" numClasses="0" visitedMethods="0" numMethods="0" />
      <ModulePath>C:\Users\320052456\Documents\Bootcamp\Phase2\Chethan\StaticCodeAnalysisService\Test.Unit\Test.Unit.SimianToolExecuter\bin\Debug\Contracts.ToolExecuter.dll</ModulePath>
      <ModuleTime>2019-10-01T14:36:26.789536Z</ModuleTime>
      <ModuleName>Contracts.ToolExecuter</ModuleName>
      <Files />
      <Classes />
      <TrackedMethods />
    </Module>
  </Modules>
</CoverageSession>